[    0.000000] Linux version 4.15.0-47-generic (buildd@lgw01-amd64-001) (gcc version 7.3.0 (Ubuntu 7.3.0-16ubuntu3)) #50-Ubuntu SMP Wed Mar 13 10:44:52 UTC 2019 (Ubutu 4.15.0-47.50-generic 4.15.18)
[    0.000000] Command line: BOOT_IMAGE=/boot/vmlinuz-4.15.0-47-generic root=LABEL=cloudimg-rootfs ro console=tty1 console=ttyS0
    0.000000] KENEL supported cpus:
[    0.000000]   Intel GenuineIntel
[    0.000000]   AMD AuthenticAMD
[    0.000000]   Centaur CentaurHauls
[    0.000000] x86/fpu: Supporting XSAVE feature 0x001: 'x87 floating point registers'
[    0.000000] x86/fpu: Supporting XSAVE feature 0x002: 'SSE registers'
[    0.000000] x86/fpu: Supporting XSAVE feature 0x004: 'AVX registers'
[    0.000000] x86/fpu: xstate_offset[2]:  576, xstate_sizes[2]:  256
[    0.000000] x86/fpu: Enabled stat features 0x7, context size is 832 bytes, using 'standard' format.
[    0.000000] e820: BIOS-provided physical RAM map:
[    0.000000] BIOS-e820: [mem 0x0000000000000000-0x000000000009fbff] usable
[    0.000000] BIOS-e820: [mem 0x000000000009fc00-0x000000000009ffff] reserved
[    0.000000] BIOS-e820: [mem 0x00000000000f000-0x00000000000fffff] reserved
[    0.000000] BIOS-e820: [mem 0x0000000000100000-0x00000000dffeffff] usable
[    0.000000] BIOS-e820: [mem 0x00000000dfff0000-0x00000000dfffffff] CPI data
[    0.000000] BIOS-e820: [mem 0x00000000fec00000-0x00000000fec00fff] reserved
    0.00000] BIOS-e80: [mem 0x00000000fee00000-0x00000000fee00fff] reserved
[    0.000000] BIOS-e820: [mem 0x00000000fffc000-0x00000000ffffffff] reserved
[    0.000000] BIOS-e820: [mem 0x0000000100000000-0x000000011fffffff] usable
[    0.000000] NX (Execute Disable) protection: active
[    0.000000] SMBIOS 2.5 present.
[    0.000000] DMI: innotek GmbH VirtualBox/VirtualBox, BIOS VirtualBox 12/01/2006
[    0.000000] Hypervisor detected: KVM
[    0.000000] e820: last_pfn = 0x120000 max_arch_pfn = 0x400000000
[    0.000000] MTRR: Disabled
[   0.00000] x8/PAT: MTRRs disabled, skiping PAT initialization to.
[   0.0000] CU MRRs al blank - vrtualized system.
[   0.0000] x86/PAT: Confiuration [0-7]:WB  WT  UC- UC  WB  WT  UC- U  
[    0.00000]e80: las_pfn = xdfff0 max_arh_fn = 0x400000000
[   0.000000] found SMP MP-table at [mem 0x0009fff0-0x0009ff] mapped at [        (ptrval)]
[   000000] Scanning 1 areas for low memory corruption
[   0.000000] RAMDISK: [mem 035add0000x36d65fff]
[    0.000000] ACPI: Early table checksum verifiction disabled
[    0.000000] ACPI: RSDP 0x00000000000E0000 000024 (v02 VBOX  )
[    0.000000] ACPI: XSDT 0x00000000DFFF0030 00003C (v01 VBOX  VBOXXSDT 00000001 ASL  00000061)
[    0.000000] ACPI: FACP 0x00000000DFFF00F0 0000F4 (v04 VBOX   VBOXFACP 00000001 ASL  00000061)
[    0.000000] ACPI: DSDT 0x00000000DFFF0470 0021FF (v02 VBOX   VBOXBIOS 00000002 INTL 20100528)
[    0.000000] ACPI: FACS 0x00000000DFFF0200 000040
[    0.000000] ACPI: FACS 0x00000000DFFF0200 000040
[    0.000000] ACPI: APIC 0x00000000DFFF0240 00005C (v02 VBOX   VBOXAPIC 00000001 ASL  00000061)
[    0.000000] ACPI: SSDT 0x00000000DFFF02A0 0001CC (v01 VBOX   VBOXCPUT 00000002 INTL 20100528)
[    0.000000] No NUMA configuration found
[    0.000000] Faking a node at [mem 0x0000000000000000-0x000000011fffffff]
[    0.000000] NODE_DATA(0) allocated [mem 0x11ffd1000-0x11fffbfff]
[    0.000000] kvm-clock: cpu 0, msr 1:1ff50001, primary cpu clock
[    0.000000] kvm-clock: Using msrs 4b564d01 and 4b564d00
[    0.000000] kvm-clock: using sched offset of 4103763324 cycles
[    0.000000] clocksource: kvm-clock: mask: 0xffffffffffffffff max_cycles: 0x1cd42e4dffb, max_idle_ns: 881590591483 ns
[    0.000000] Zone ranges:
[    0.000000]   DMA      [mem 0x0000000000001000-0x0000000000ffffff]
[    0.000000]   DMA32    [mem 0x0000000001000000-0x00000000ffffffff]
[    0.000000]   Normal   [mem 0x0000000100000000-0x000000011fffffff]
[    0.000000]   Device   empty
[    0.000000] Movable zone start for each node
[    0.000000] Early memory node ranges
[    0.000000]   node   0: [mem 0x0000000000001000-0x000000000009efff]
[    0.000000]   node   0: [mem 0x0000000000100000-0x00000000dffeffff]
[    0.000000]   node   0: [mem 0x0000000100000000-0x000000011fffffff]
[    0.000000] Reserved but unavailable: 114 pages
[    0.000000] Initmem setup node 0 [mem 0x0000000000001000-0x000000011fffffff]
[    0.000000] ACPI: PM-Timer IO Port: 0x4008
[    0.000000] IOAPIC[0]: apic_id 2, version 32, address 0xfec00000, GSI 0-23
[    0.000000] ACPI: INT_SRC_OVR (bus 0 bus_irq 0 global_irq 2 dfl dfl)
[    0.000000] ACPI: INT_SRC_OVR (bus 0 bus_irq 9 global_irq 9 low level)
[    0.000000] Using ACPI (MADT) for SMP configuration information
[    0.000000] smpboot: Allowing 2 CPUs, 0 hotplug CPUs
[    0.000000] PM: Registered nosave memory: [mem 0x00000000-0x00000fff]
[    0.000000] PM: Registered nosave memory: [mem 0x0009f000-0x0009ffff]
[    0.000000] PM: Registered nosave memory: [mem 0x000a0000-0x000effff]
[    0.000000] PM: Registered nosave memory: [mem 0x000f0000-0x000fffff]
[    0.000000] PM: Registered nosave memory: [mem 0xdfff0000-0xdfffffff]
[    0.000000] PM: Registered nosave memory: [mem 0xe0000000-0xfebfffff]
[    0.000000] PM: Registered nosave memory: [mem 0xfec00000-0xfec00fff]
[    0.000000] PM: Registered nosave memory: [mem 0xfec01000-0xfedfffff]
[    0.000000] PM: Registered nosave memory: [mem 0xfee00000-0xfee00fff]
[    0.000000] PM: Registered nosave memory: [mem 0xfee01000-0xfffbffff]
[    0.000000] PM: Registered nosave memory: [mem 0xfffc0000-0xffffffff]
[    0.000000] e820: [mem 0xe0000000-0xfebfffff] available for PCI devices
[    0.000000] Booting paravirtualized kernel on KVM
[    0.000000] clocksource: refined-jiffies: mask: 0xffffffff max_cycles: 0xffffffff, max_idle_ns: 7645519600211568 ns
[    0.000000] random: get_random_bytes called from start_kernel+0x99/0x4fd with crng_init=0
[    0.000000] setup_percpu: NR_CPUS:8192 nr_cpumask_bits:2 nr_cpu_ids:2 nr_node_ids:1
[    0.000000] percpu: Embedded 46 pages/cpu @        (ptrval) s151552 r8192 d28672 u1048576
[    0.000000] PV qspinlock hash table entries: 256 (order: 0, 4096 bytes)
[    0.000000] Built 1 zonelists, mobility grouping on.  Total pages: 1032057
[    0.000000] Policy zone: Normal
[    0.000000] Kernel command line: BOOT_IMAGE=/boot/vmlinuz-4.15.0-47-generic root=LABEL=cloudimg-rootfs ro console=tty1 console=ttyS0
[    0.000000] Memory: 4014212K/4193848K available (12300K kernel code, 2473K rwdata, 4252K rodata, 2408K init, 2416K bss, 179636K reserved, 0K cma-reserved)
[    0.000000] SLUB: HWalign=64, Order=0-3, MinObjects=0, CPUs=2, Nodes=1
[    0.000000] Kernel/User page tables isolation: enabled
[    0.000000] ftrace: allocating 39206 entries in 154 pages
[    0.004000] Hierarchical RCU implementation.
[    0.004000] 	RCU restricting CPUs from NR_CPUS=8192 to nr_cpu_ids=2.
[    0.004000] 	Tasks RCU enabled.
[    0.004000] RCU: Adjusting geometry for rcu_fanout_leaf=16, nr_cpu_ids=2
[    0.004000] NR_IRQS: 524544, nr_irqs: 440, preallocated irqs: 16
[    0.004000] Console: colour VGA+ 80x25
[    0.004000] console [tty1] enabled
[    0.004000] console [ttyS0] enabled
[    0.004000] ACPI: Core revision 20170831
[    0.004000] ACPI: 2 ACPI AML tables successfully acquired and loaded
[    0.004000] APIC: Switch to symmetric I/O mode setup
[    0.004000] x2apic enabled
[    0.004000] Switched APIC routing to physical x2apic.
[    0.004641] ..TIMER: vector=0x30 apic1=0 pin1=2 apic2=-1 pin2=-1
[    0.008003] tsc: Detected 2591.998 MHz processor
[    0.008955] Calibrating delay loop (skipped) preset value.. 5183.99 BogoMIPS (lpj=10367992)
[    0.012005] pid_max: default: 32768 minimum: 301
[    0.013047] Security Framework initialized
[    0.013966] Yama: becoming mindful.
[    0.016054] AppArmor: AppArmor initialized
[    0.022771] Dentry cache hash table entries: 524288 (order: 10, 4194304 bytes)
[    0.026803] Inode-cache hash table entries: 262144 (order: 9, 2097152 bytes)
[    0.028023] Mount-cache hash table entries: 8192 (order: 4, 65536 bytes)
[    0.029727] Mountpoint-cache hash table entries: 8192 (order: 4, 65536 bytes)
[    0.031631] mce: CPU supports 0 MCE banks
[    0.032017] Last level iTLB entries: 4KB 64, 2MB 8, 4MB 8
[    0.033363] Last level dTLB entries: 4KB 64, 2MB 0, 4MB 0, 1GB 4
[    0.034779] Spectre V2 : Mitigation: Full generic retpoline
[    0.036387] Spectre V2 : Spectre v2 / SpectreRSB mitigation: Filling RSB on context switch
[    0.038459] Speculative Store Bypass: Vulnerable
[    0.040243] Freeing SMP alternatives memory: 36K
[    0.044000] smpboot: CPU0: Intel(R) Core(TM) i7-6700HQ CPU @ 2.60GHz (family: 0x6, model: 0x5e, stepping: 0x3)
[    0.044078] Performance Events: unsupported p6 CPU model 94 no PMU driver, software events only.
[    0.048047] Hierarchical SRCU implementation.
[    0.052557] NMI watchdog: Perf event create on CPU 0 failed with -2
[    0.056004] NMI watchdog: Perf NMI watchdog permanently disabled
[    0.060112] smp: Bringing up secondary CPUs ...
[    0.068059] x86: Booting SMP configuration:
[    0.072004] .... node  #0, CPUs:      #1
[    0.004000] kvm-clock: cpu 1, msr 1:1ff50041, secondary cpu clock
[    0.004000] mce: CPU supports 0 MCE banks
[    0.104022] smp: Brought up 1 node, 2 CPUs
[    0.108008] smpboot: Max logical packages: 1
[    0.112007] smpboot: Total of 2 processors activated (10367.99 BogoMIPS)
[    0.116156] devtmpfs: initialized
[    0.120066] x86/mm: Memory block size: 128MB
[    0.124395] evm: security.selinux
[    0.128008] evm: security.SMACK64
[    0.132003] evm: security.SMACK64EXEC
[    0.136002] evm: security.SMACK64TRANSMUTE
[    0.140004] evm: security.SMACK64MMAP
[    0.144004] evm: security.apparmor
[    0.148004] evm: security.ima
[    0.152004] evm: security.capability
[    0.156165] clocksource: jiffies: mask: 0xffffffff max_cycles: 0xffffffff, max_idle_ns: 7645041785100000 ns
[    0.160019] futex hash table entries: 512 (order: 3, 32768 bytes)
[    0.164106] pinctrl core: initialized pinctrl subsystem
[    0.168146] RTC time: 18:40:21, date: 04/11/19
[    0.172155] NET: Registered protocol family 16
[    0.173704] audit: initializing netlink subsys (disabled)
[    0.176033] audit: type=2000 audit(1555008024.330:1): state=initialized audit_enabled=0 res=1
[    0.178230] cpuidle: using governor ladder
[    0.180010] cpuidle: using governor menu
[    0.184068] ACPI: bus type PCI registered
[    0.188005] acpiphp: ACPI Hot Plug PCI Controller Driver version: 0.5
[    0.196019] PCI: Using configuration type 1 for base access
[    0.206180] HugeTLB registered 2.00 MiB page size, pre-allocated 0 pages
[    0.212070] ACPI: Added _OSI(Module Device)
[    0.213060] ACPI: Added _OSI(Processor Device)
[    0.216007] ACPI: Added _OSI(3.0 _SCP Extensions)
[    0.220005] ACPI: Added _OSI(Processor Aggregator Device)
[    0.224004] ACPI: Added _OSI(Linux-Dell-Video)
[    0.228006] ACPI: Added _OSI(Linux-Lenovo-NV-HDMI-Audio)
[    0.232006] ACPI: Added _OSI(Linux-HPI-Hybrid-Graphics)
[    0.236314] ACPI: Executed 1 blocks of module-level executable AML code
[    0.245111] ACPI: Interpreter enabled
[    0.248014] ACPI: (supports S0 S5)
[    0.252003] ACPI: Using IOAPIC for interrupt routing
[    0.256315] PCI: Using host bridge windows from ACPI; if necessary, use "pci=nocrs" and report a bug
[    0.260206] ACPI: Enabled 2 GPEs in block 00 to 07
[    0.276858] ACPI: PCI Root Bridge [PCI0] (domain 0000 [bus 00-ff])
[    0.280013] acpi PNP0A03:00: _OSC: OS supports [ASPM ClockPM Segments MSI]
[    0.284046] acpi PNP0A03:00: _OSC: not requesting OS control; OS requires [ExtendedConfig ASPM ClockPM MSI]
[    0.288020] acpi PNP0A03:00: fail to add MMCONFIG information, can't access extended PCI configuration space under this bridge.
[    0.292767] PCI host bridge to bus 0000:00
[    0.296006] pci_bus 0000:00: root bus resource [io  0x0000-0x0cf7 window]
[    0.297365] pci_bus 0000:00: root bus resource [io  0x0d00-0xffff window]
[    0.300006] pci_bus 0000:00: root bus resource [mem 0x000a0000-0x000bffff window]
[    0.304009] pci_bus 0000:00: root bus resource [mem 0xe0000000-0xfdffffff window]
[    0.306113] pci_bus 0000:00: root bus resource [bus 00-ff]
[    0.310378] pci 0000:00:01.1: legacy IDE quirk: reg 0x10: [io  0x01f0-0x01f7]
[    0.312007] pci 0000:00:01.1: legacy IDE quirk: reg 0x14: [io  0x03f6]
[    0.316004] pci 0000:00:01.1: legacy IDE quirk: reg 0x18: [io  0x0170-0x0177]
[    0.318241] pci 0000:00:01.1: legacy IDE quirk: reg 0x1c: [io  0x0376]
[    0.362387] pci 0000:00:07.0: quirk: [io  0x4000-0x403f] claimed by PIIX4 ACPI
[    0.364040] pci 0000:00:07.0: quirk: [io  0x4100-0x410f] claimed by PIIX4 SMB
[    0.392541] ACPI: PCI Interrupt Link [LNKA] (IRQs 5 9 10 *11)
[    0.396554] ACPI: PCI Interrupt Link [LNKB] (IRQs 5 9 *10 11)
[    0.400313] ACPI: PCI Interrupt Link [LNKC] (IRQs 5 *9 10 11)
[    0.404164] ACPI: PCI Interrupt Link [LNKD] (IRQs 5 9 10 *11)
[    0.408346] SCSI subsystem initialized
[    0.412093] pci 0000:00:02.0: vgaarb: setting as boot VGA device
[    0.416000] pci 0000:00:02.0: vgaarb: VGA device added: decodes=io+mem,owns=io+mem,locks=none
[    0.416008] pci 0000:00:02.0: vgaarb: bridge control possible
[    0.420005] vgaarb: loaded
[    0.424034] ACPI: bus type USB registered
[    0.428030] usbcore: registered new interface driver usbfs
[    0.432021] usbcore: registered new interface driver hub
[    0.436033] usbcore: registered new device driver usb
[    0.440073] EDAC MC: Ver: 3.0.0
[    0.444266] PCI: Using ACPI for IRQ routing
[    0.448291] NetLabel: Initializing
[    0.452002] NetLabel:  domain hash size = 128
[    0.456003] NetLabel:  protocols = UNLABELED CIPSOv4 CALIPSO
[    0.460024] NetLabel:  unlabeled traffic allowed by default
[    0.468138] clocksource: Switched to clocksource kvm-clock
[    05484] FSDi qutas dquot_6.6.0

[    0.844284] VFS: Dquot-cache hash table entries: 512 (de 040 bytes)
[  10610 ApAmo: pAmoFisyem Ebld
[  15671 pp: PnP AI init
[    1.948482] pnp: PnP ACPI: found 3 devices

[    1.6147clckurce: pim:as 0fff maxcyes: 0xffffff, max_idle_: 8510 n
[  29249]ETReiserd otcofaly 

[    .457] CP eabshe hh blenie 32768 (order: 6, 262144 bytes)
[    4.1046] TCP bind hash table entries: 32768 (order: 7, 524288 bte
   4605]TC Hh tbles congued (estblishe3268bid 76
[    5.066814] DPas tble entries: 2048 (order: 4, 65536 bytes)
[    5.265131] UDP-Lite hash table entries: 2048 (order: 4, 65536 bytes)
[    5.266828] NET: Registered protocol family 1
[    5.267854] pci 0000:00:00.0: Limiting direct PCI/PCI transfers
[    5.269264] pci 0000:00:01.0: Activating ISA DMA hang workarounds
[    5.27058pc0000:00:02.0: Video device with shadowed ROM at [mem 0x000c0000-0x000dffff]
[    5.425093] Unpacking initramfs...

[    5.919480] Freeing initrd memory: 18980K
[    5.971977] PCI-DMA: Using software bounce buffering for IO (SWIOTLB)
[    6.076925] software IO TLB [mem 0xdbff0000-0xdfff0000] (64MB) mapped at [        (ptrval)-        (ptrval)]
[    6.213288] platform rtc_cmos: registered platform RTC device (no PNP device found)
[    6.253320] Scanning for low memory corruption every 60 seconds
[    6.271971] Initialise system trusted keyrings
[    6.318190] Key type blacklist registered
[    6.321500] workingset: timestamp_bits=36 max_order=20 bucket_order=0
[    6.330331] zbud: loaded
[    6.339034] squashfs: version 4.0 (2009/01/31) Phillip Lougher
[    6.342482] fuse init (API version 7.26)
[    6.347924] Key type asymmetric registered
[    6.360756] Asymmetric key parser 'x509' registered
[    6.368949] Block layer SCSI generic (bsg) driver version 0.4 loaded (major 246)
[    6.378505] io scheduler noop registered
[    6.385521] io scheduler deadline registered
[    6.386870] io scheduler cfq registered (default)
[    6.403137] ACPI: AC Adapter [AC] (on-line)
[    6.408779] input: Power Button as /devices/LNXSYSTM:00/LNXPWRBN:00/input/input0
[    6.421433] ACPI: Power Button [PWRF]
[    6.425482] input: Sleep Button as /devices/LNXSYSTM:00/LNXSLPBN:00/input/input1
[    6.427756] ACPI: Sleep Button [SLPF]
[    6.429911] ACPI: Battery Slot [BAT0] (battery present)
[    6.431541] Serial: 8250/16550 driver, 32 ports, IRQ sharing enabled
[    6.456468] 00:02: ttyS0 at I 0x3f8 (irq = 4, base_baud = 115200) is a 16550A

[    6.542378] Linux agpgart interface v0.103
[    6.550973] loop: module loaded
[    6.553981] scsi host0: ata_piix
[    6.576546] scsi host1: ata_piix
[   6.596793] ata1: PATA max UDMA/33 cmd 0x1f0 ctl 0x3f6 bmdma 0xd000 irq 14
[  66578] ta2: PATA max UDMA/33 cmd 0x170 ctl 0x376 bmdma 0xd008 irq 15

[    6.871741] libphy: Fixed MDIO Bus: probed
[   .840] tu Uvesal T/T dicdrer, 1.6
[    7.509815] tsc:Rein TC clocoue liation: 25.51 M
[    8.011481] clocksource: tsc: mask: 0xffffffffffffffff max_cycles: 0x255aee8c21b, max_idle_ns: 440795309644 ns
[    8.011631] PPP generic driver version 2.4.2
[    8.011667] ehci_hcd: USB 2.0 'Enhanced' Host Controller (EHCI) Driver
[    8.011671] ehci-pci: EHCI PCI platform driver
[    8.011682] ehci-platform: EHCI generic platform driver
[    8.011688] ohci_hcd: USB 1.1 'Open' Host Controller (OHCI) Driver
[    8.011689] ohci-pci: OHCI PCI platform driver
[    8.011694] ohci-platform: OHCI generic platform driver
[    8.011698] uhci_hcd: USB Universal Host Controller Interface driver
[    8.011742] i8042: PNP: PS/2 Controller [PNP0303:PS2K,PNP0f03:PS2M] at 0x60,0x64 irq 1,12
[    8.054578] serio: i8042 KBD port at 0x60,0x64 irq 1
[    8.054616] serio: i8042 AUX port at 0x60,0x64 irq 12
[    8.054688] mousedev: PS/2 mouse device common for all mice
[    8.054945] input: AT Translated Set 2 keyboard as /devices/platform/i8042/serio0/input/input2
[    8.055242] rtc_cmos rtc_cmos: rtc core: registered rtc_cmos as rtc0
[    8.055307] rtc_cmos rtc_cmos: alarms up to one day, 114 bytes nvram
[    8.055312] i2c /dev entries driver
[    8.055316] pcie_mp2_amd: AMD(R) PCI-E MP2 Communication Driver Version: 1.0
[    8.055376] device-mapper: uevent: version 1.0.3
[    8.055423] device-mapper: ioctl: 4.37.0-ioctl (2017-09-20) initialised: dm-devel@redhat.com
[    8.608835] ledtrig-cpu: registered to indicate activity on CPUs
[    8.610893] NET: Registered protocol family 10
[    8.616590] Segment Routing with IPv6
[    8.617772] NET: Registered protocol family 17
[    8.618964] Key type dns_resolver registered
[    8.620535] RAS: Correctable Errors collector initialized.
[    8.621861] sched_clock: Marking stable (8620435171, 0)->(13853041120, -5232605949)
[    8.623919] registered taskstats version 1
[    8.627020] Loading compiled-in X.509 certificates
[    8.636717] Loaded X.509 cert 'Build time autogenerated kernel key: 7211859d1298c08a101905a3cb814e8c7b4bf4a4'
[    8.690077] zswap: loaded using pool lzo/zbud
[    8.739648] Key type big_key registered
[    8.760890] Key type trusted registered
[    8.771686] Key type encrypted registered
[    8.779326] AppArmor: AppArmor sha1 policy hashing enabled
[    8.780625] ima: No TPM chip found, activating TPM-bypass! (rc=-19)
[    8.795665] ima: Allocated hash algorithm: sha1
[    8.796697] evm: HMAC attrs: 0x1
[    8.797652]   Magic number: 15:854:695
[    8.798456] pci 0000:00:00.0: hash matches
[    8.799444] rtc_cmos rtc_cmos: setting system clock to 2019-04-11 18:40:32 UTC (1555008032)
[    8.801422] BIOS EDD facility v0.16 2004-Jun-25, 0 devices found
[    8.815640] EDD information not available.
[    8.819096] Freeing unused kernel memory: 2408K
[    8.851151] Write protecting the kernel read-only data: 20480k
[    8.880717] Freeing unused kernel memory: 2008K
[    8.893545] Freeing unused kernel memory: 1892K
[    8.911187] x86/mm: Checked W+X mappings: passed, no W+X pages found.
[    8.927305] x86/mm: Checking user space page tables
[    8.998816] x86/mm: Checked W+X mappings: passed, no W+X pages found.
Loading, please wait...
starting version 237
[    9.089646] e1000: Intel(R) PRO/1000 Network Driver - version 7.3.21-k8-NAPI
[    9.110443] e1000: Copyright (c) 1999-2006 Intel Corporation.
[    9.115002] Fusion MPT base driver 3.04.20
[    9.116342] Copyright (c) 1999-2008 LSI Corporation
[    9.153190] AVX2 version of gcm_enc/dec engaged.
[    9.154249] AES CTR mode by8 optimization enabled
[    9.157781] Fusion MPT SPI Host driver 3.04.20
[    9.374139] input: ImExPS/2 Generic Explorer Mouse as /devices/platform/i8042/serio1/input/input4
[    9.659409] e1000 0000:00:03.0 eth0: (PCI:33MHz:32-bit) 02:2f:6a:6c:35:c0
[    9.661933] e1000 0000:00:03.0 eth0: Intel(R) PRO/1000 Network Connection
[    9.665376] mptbase: ioc0: Initiating bringup
[   10.487459] ioc0: LSI53C1030 A0: Capabilities={Initiator}
[   12.101100] scsi host2: ioc0: LSI53C1030 A0, FwRev=00000000h, Ports=1, MaxQ=256, IRQ=20
[   13.554251] scsi 2:0:0:0: Direct-Access     VBOX     HARDDISK         1.0  PQ: 0 ANSI: 5
[   15.029301] scsi target2:0:0: Beginning Domain Validation
[   16.070751] scsi target2:0:0: Domain Validation skipping write tests
[   16.073338] scsi target2:0:0: Ending Domain Validation
[   16.080052] scsi target2:0:0: asynchronous
[   16.117934] scsi 2:0:1:0: Direct-Access     VBOX     HARDDISK         1.0  PQ: 0 ANSI: 5
[   16.404707] scsi target2:0:1: Beginning Domain Validation
[   16.410347] random: fast init done
[   16.423024] scsi target2:0:1: Domain Validation skipping write tests
[   16.424460] scsi target2:0:1: Ending Domain Validation
[   16.425619] scsi target2:0:1: asynchronous
[   16.435008] random: systemd-udevd: uninitialized urandom read (16 bytes read)
[   16.439217] e1000 0000:00:08.0 eth1: (PCI:33MHz:32-bit) 08:00:27:37:89:a4
[   16.439221] e1000 0000:00:08.0 eth1: Intel(R) PRO/1000 Network Connection
[   16.558120] sd 2:0:0:0: Attached scsi generic sg0 type 0
[   16.558122] random: systemd-udevd: uninitialized urandom read (16 bytes read)
[   16.562949] random: systemd-udevd: uninitialized urandom read (16 bytes read)
[   16.564599] sd 2:0:1:0: Attached scsi generic sg1 type 0
[   16.565393] e1000 0000:00:03.0 enp0s3: renamed from eth0
[   16.565798] sd 2:0:0:0: [sda] 20971520 512-byte logical blocks: (10.7 GB/10.0 GiB)
[   16.566981] sd 2:0:0:0: [sda] Write Protect is off
[   16.599358] sd 2:0:0:0: [sda] Incomplete mode parameter data
[   16.619666] sd 2:0:0:0: [sda] Assuming drive cache: write through
[   16.672845] sd 2:0:1:0: [sdb] 20480 512-byte logical blocks: (10.5 MB/10.0 MiB)
[   16.711227] e1000 0000:00:08.0 enp0s8: renamed from eth1
[   16.788748]  sda: sda1
[   16.788749] sd 2:0:1:0: [sdb] Write Protect is off
[   16.850257] sd 2:0:1:0: [sdb] Incomplete mode parameter data
[   16.860956] sd 2:0:0:0: [sda] Attached SCSI disk
[   16.897138] sd 2:0:1:0: [sdb] Assuming drive cache: write through
[   16.936457] sd 2:0:1:0: [sdb] Attached SCSI disk
Begin: Loading essential drivers ... [   18.880290] raid6: sse2x1   gen() 10537 MB/s
[   18.944092] raid6: sse2x1   xor()  7863 MB/s
[   19.000397] raid6: sse2x2   gen()  8983 MB/s
[   19.104290] raid6: sse2x2   xor()  8904 MB/s
[   19.168234] raid6: sse2x4   gen() 12063 MB/s
[   19.228071] raid6: sse2x4   xor()  9146 MB/s
[   19.276045] raid6: avx2x1   gen() 11521 MB/s
[   19.324360] raid6: avx2x1   xor() 14509 MB/s
[   19.408805] raid6: avx2x2   gen() 25386 MB/s
[   19.476124] raid6: avx2x2   xor() 12192 MB/s
[   19.556078] raid6: avx2x4   gen() 17900 MB/s
[   19.688742] raid6: avx2x4   xor() 17771 MB/s
[   19.690163] raid6: using algorithm avx2x2 gen() 25386 MB/s
[   19.691683] raid6: .... xor() 12192 MB/s, rmw enabled
[   19.705583] raid6: using avx2x2 recovery algorithm
[   19.708943] xor: automatically using best checksumming function   avx       
[   19.718822] async_tx: api initialized (async)
done.
Begin: Running /scripts/init-premount ... done.
Begin: Mounting root file system ... Begin: Running /scripts/local-top ... done.
Begin: Running /scripts/local-premount ... [   19.786889] Btrfs loaded, crc32c=crc32c-intel
Scanning for Btrfs filesystems
done.
Warning: fsck not present, so skipping root file system
[   19.854008] EXT4-fs (sda1): mounted filesystem with ordered data mode. Opts: (null)
done.
Begin: Running /scripts/local-bottom ... done.
Begin: Running /scripts/init-bottom ... done.
[   20.959955] ip_tables: (C) 2000-2006 Netfilter Core Team
[   21.134599] systemd[1]: systemd 237 running in system mode. (+PAM +AUDIT +SELINUX +IMA +APPARMOR +SMACK +SYSVINIT +UTMP +LIBCRYPTSETUP +GCRYPT +GNUTLS +ACL +XZ +LZ4 +SECCOMP +BLKID +ELFUTILS +KMOD -IDN2 +IDN -PCRE2 default-hierarchy=hybrid)
[   21.174471] systemd[1]: Detected virtualization oracle.
[   21.225025] systemd[1]: Detected architecture x86-64.

Welcome to [1mUbuntu 18.04.2 LTS[0m!

[   21.278368] systemd[1]: Set hostname to <ubuntu>.
[   21.386133] systemd[1]: Initializing machine ID from random generator.
[   21.403063] systemd[1]: Installed transient /etc/machine-id file.
[   21.535986] random: crng init done
[   21.570620] random: 7 urandom warning(s) missed due to ratelimiting
[   22.983829] systemd[1]: Started Forward Password Requests to Wall Directory Watch.
[[0;32m  OK  [0m] Started Forward Password Requests to Wall Directory Watch.
[   23.062647] systemd[1]: Created slice System Slice.
[[0;32m  OK  [0m] Created slice System Slice.
[   23.108638] systemd[1]: Listening on Device-mapper event daemon FIFOs.
[[0;32m  OK  [0m] Listening on Device-mapper event daemon FIFOs.
[   23.150833] systemd[1]: Listening on LVM2 poll daemon socket.
[[0;32m  OK  [0m] Listening on LVM2 poll daemon socket.
[[0;32m  OK  [0m] Listening on /dev/initctl Compatibility Named Pipe.
[[0;32m  OK  [0m] Set up automount Arbitrary Executab…rmats File System Automount Point.
[[0;32m  OK  [0m] Reached target System Time Synchronized.
[[0;32m  OK  [0m] Created slice system-serial\x2dgetty.slice.
[[0;32m  OK  [0m] Listening on Journal Audit Socket.
[[0;32m  OK  [0m] Reached target User and Group Name Lookups.
[[0;32m  OK  [0m] Listening on udev Kernel Socket.
[[0;32m  OK  [0m] Listening on Network Service Netlink Socket.
[[0;32m  OK  [0m] Reached target Swap.
[[0;32m  OK  [0m] Listening on Syslog Socket.
[[0;32m  OK  [0m] Created slice User and Session Slice.
[[0;32m  OK  [0m] Reached target Slices.
[[0;32m  OK  [0m] Listening on Journal Socket (/dev/log).
[[0;32m  OK  [0m] Listening on Journal Socket.
         Starting Remount Root and Kernel File Systems...
         Starting Create list of required st…ce nodes for the current kernel...
         Mounting POSIX Message Queue File System...
         Starting Uncomplicated firewall...
         Starting Load Kernel Modules...
         Starting Journal Service...
         Starting Set the console keyboard layout...
[[0;32m  OK  [0m] Listening on LVM2 metadata daemon socket.
[   23.649294] Loading iSCSI transport class v2.0-870.
         Starting Monitoring of LVM2 mirrors…ng dmeventd or progress polling...
         Mounting Huge Pages File System...
[[0;32m  OK  [0m] Listening on udev Control Socket.
         Starting udev Coldplug all Devices...
         Mounting Kernel Debug F[   23.865794] iscsi: registered transport (tcp)
ile System...
[[0;32m  OK  [0m] Started Journal Service.
[[0;32m  OK  [0m] Started Create list of required sta…vice nodes for the current kernel.
[[0;32m  OK  [0m] Started Uncomplicated firewall.
         Starting Create Static Device Nodes in /dev...
[[0;32m  OK  [0m] Started udev Coldplug all Devices.
[[0;32m  OK  [0m] Started Create Static Device Nodes in /dev.
[[0;32m  OK  [0m] Mounted POSIX Message Queue File System.
[[0;32m  OK  [0m] Mounted Huge Pages File System.
[[0;32m  OK  [0m] Mounted Kernel Debug File System.
[   24.536919] EXT4-fs (sda1): re-mounted. Opts: (null)
[[0;32m  OK  [0m] Started Remount Root and Kernel File Systems.
         Starting Load/Save Random Seed...
[   24.847156] iscsi: registered transport (iser)
         Starting udev Kernel Device Manager...
         Starting Flush Journal to Persistent Storage...
         Starting Initial cloud-init job (pre-networking)...
[[0;32m  OK  [0m] Started Load Kernel Modules.
[[0;32m  OK  [0m] Started Load/Save Random Seed.
[[0;32m  OK  [0m] Started LVM2 metadata daemon.
         Starting Apply Kernel Variables...
         Mounting Kernel Configuration File System...
         Mounting FUSE Control File System...
[[0;32m  OK  [0m] Mounted Kernel Configuration File System.
[[0;32m  OK  [0m] Mounted FUSE Control File System.
[   25.242674] systemd-journald[385]: Received request to flush runtime journal from PID 1
[[0;32m  OK  [0m] Started udev Kernel Device Manager.
[[0;32m  OK  [0m] Started Monitoring of LVM2 mirrors,…sing dmeventd or progress polling.
[[0;32m  OK  [0m] Started Apply Kernel Variables.
[[0;32m  OK  [0m] Started Flush Journal to Persistent Storage.
[[0;32m  OK  [0m] Found device /dev/ttyS0.
[[0;32m  OK  [0m] Listening on Load/Save RF Kill Switch Status /dev/rfkill Watch.
[[0;32m  OK  [0m] Started Set the console keyboard layout.
[[0;32m  OK  [0m] Started Dispatch Password Requests to Console Directory Watch.
[[0;32m  OK  [0m] Reached target Local Encrypted Volumes.
[[0;32m  OK  [0m] Reached target Local File Systems (Pre).
[[0;32m  OK  [0m] Reached target Local File Systems.
         Starting Create Volatile Files and Directories...
         Starting Set console font and keymap...
         Starting AppArmor initialization...
         Starting ebtables ruleset management...
         Starting Commit a transient machine-id on disk...
         Starting Tell Plymouth To Write Out Runtime Data...
[[0;32m  OK  [0m] Started Set console font and keymap.
[[0;32m  OK  [0m] Started Create Volatile Files and Directories.
         Starting Update UTMP about System Boot/Shutdown...
[[0;32m  OK  [0m] Started Tell Plymouth To Write Out Runtime Data.
[[0;32m  OK  [0m] Started Update UTMP about System Boot/Shutdown.
[[0;32m  OK  [0m] Started Commit a transient machine-id on disk.
[[0;32m  OK  [0m] Started ebtables ruleset management.
[[0;32m  OK  [0m] Started AppArmor initialization.
[   32.647229] cloud-init[413]: Cloud-init v. 18.5-45-g3554ffe8-0ubuntu1~18.04.1 running 'init-local' at Thu, 11 Apr 2019 18:40:55 +0000. Up 31.69 seconds.
[[0;32m  OK  [0m] Started Initial cloud-init job (pre-networking).
[[0;32m  OK  [0m] Reached target Network (Pre).
         Starting Network Service...
[[0;32m  OK  [0m] Started Network Service.
         Starting Wait for Network to be Configured...
         Starting Network Name Resolution...
[[0;32m  OK  [0m] Started Network Name Resolution.
[[0;32m  OK  [0m] Reached target Network.
[[0;32m  OK  [0m] Reached target Host and Network Name Lookups.
[[0;32m  OK  [0m] Started Wait for Network to be Configured.
         Starting Initial cloud-init job (metadata service crawler)...
[   35.370204] cloud-init[797]: Cloud-init v. 18.5-45-g3554ffe8-0ubuntu1~18.04.1 running 'init' at Thu, 11 Apr 2019 18:40:58 +0000. Up 35.00 seconds.
[   35.432903] cloud-init[797]: ci-info: ++++++++++++++++++++++++++++++++++++++Net device info+++++++++++++++++++++++++++++++++++++++
[   35.472308] cloud-init[797]: ci-info: +--------+-------+----------------------------+---------------+--------+-------------------+
[   35.508106] cloud-init[797]: ci-info: | Device |   Up  |          Address           |      Mask     | Scope  |     Hw-Address    |
[   35.528936] cloud-init[797]: ci-info: +--------+-------+----------------------------+---------------+--------+-------------------+
[   35.572371] cloud-init[797]: ci-info: | enp0s3 |  True |         10.0.2.15          | 255.255.255.0 | global | 02:2f:6a:6c:35:c0 |
[   35.581040] cloud-init[797]: ci-info: | enp0s3 |  True | fe80::2f:6aff:fe6c:35c0/64 |       .       |  link  | 02:2f:6a:6c:35:c0 |
[   35.601271] cloud-init[797]: ci-info: | enp0s8 | False |             .              |       .       |   .    | 08:00:27:37:89:a4 |
[   35.632810] cloud-init[797]: ci-info: |   lo   |  True |         127.0.0.1          |   255.0.0.0   |  host  |         .         |
[   35.676923] cloud-init[797]: ci-info: |   lo   |  True |          ::1/128           |       .       |  host  |         .         |
[   35.699468] cloud-init[797]: ci-info: +--------+-------+----------------------------+---------------+--------+-------------------+
[   35.737024] cloud-init[797]: ci-info: ++++++++++++++++++++++++++++Route IPv4 info+++++++++++++++++++++++++++++
[   35.774330] cloud-init[797]: ci-info: +-------+-------------+----------+-----------------+-----------+-------+
[   35.806391] cloud-init[797]: ci-info: | Route | Destination | Gateway  |     Genmask     | Interface | Flags |
[   35.860561] cloud-init[797]: ci-info: +-------+-------------+----------+-----------------+-----------+-------+
[   35.913003] cloud-init[797]: ci-info: |   0   |   0.0.0.0   | 10.0.2.2 |     0.0.0.0     |   enp0s3  |   UG  |
[   35.949093] cloud-init[797]: ci-info: |   1   |   10.0.2.0  | 0.0.0.0  |  255.255.255.0  |   enp0s3  |   U   |
[   36.000821] cloud-init[797]: ci-info: |   2   |   10.0.2.2  | 0.0.0.0  | 255.255.255.255 |   enp0s3  |   UH  |
[   36.045029] cloud-init[797]: ci-info: +-------+-------------+----------+-----------------+-----------+-------+
[   36.066280] cloud-init[797]: ci-info: +++++++++++++++++++Route IPv6 info+++++++++++++++++++
[   36.098140] cloud-init[797]: ci-info: +-------+-------------+---------+-----------+-------+
[   36.121937] cloud-init[797]: ci-info: | Route | Destination | Gateway | Interface | Flags |
[   36.160874] cloud-init[797]: ci-info: +-------+-------------+---------+-----------+-------+
[   36.191185] cloud-init[797]: ci-info: |   1   |  fe80::/64  |    ::   |   enp0s3  |   U   |
[   36.214767] cloud-init[797]: ci-info: |   3   |    local    |    ::   |   enp0s3  |   U   |
[   36.248329] cloud-init[797]: ci-info: |   4   |   ff00::/8  |    ::   |   enp0s3  |   U   |
[   36.288556] cloud-init[797]: ci-info: +-------+-------------+---------+-----------+-------+
[   37.451344] cloud-init[797]: Generating public/private rsa key pair.
[   37.461297] cloud-init[797]: Your identification has been saved in /etc/ssh/ssh_host_rsa_key.
[   37.503097] cloud-init[797]: Your public key has been saved in /etc/ssh/ssh_host_rsa_key.pub.
[   37.505773] cloud-init[797]: The key fingerprint is:
[[0;32m  OK  [0m] Started Initial cloud-init job (metadata service crawler).
[   37.520961] [cloud-init[0;32m  OK  [0m[797]: ] SHA256:R+vHLMHDloAYleD+iKqrTCjQSKnDyNCJZdLk6V6gH68 root@ubuntu-bionicReached target Cloud-config availability.

[[0;32m  OK  [0m] Reached target System Initialization.
[   37.549755] [cloud-init[0;32m  OK  [0m[797]: ] The key's randomart image is:Started Daily Cleanup of Temporary Directories.

[[0;32m  OK  [0m] Listening on UUID daemon activation socket.
[   37.596125] [[0;32m  OK  [0m] Listening on ACPID Listen Socket.
cloud-init[797]: +---[RSA 2048]----+
[   37.598046] cloud-init[797]: |.o+ oo..         |
[   37.599518] cloud-init[797]: | Bo+ o..         |
[[0;32m  OK  [0m] Started ACPI Events Check.
[   37.633433] [cloud-init[0;32m  OK  [0m[797]: |oo* o . . .      |] 
Started Discard unused blocks once a week.
         Starting LXD - unix socket.
[   37.655642] cloud-init[797]: |B= o     = o     |
         Starting Socket activation for snappy daemon.
[[0;32m  OK  [0m] Started Daily apt download activities.
[[0;32m  OK  [0m] Listening on Open-iSCSI iscsid Socket.
[[0;32m  OK  [0m] Started Daily apt upgrade and clean activities.
[[0;32m  OK  [0m] Reached target Paths.
[[0;32m  OK  [0m] Listening on D-Bus System Message Bus Socket.
[[0;32m  OK  [0m] Started Message of the Day.
[   37.665742] cloud-init[[0;32m  OK  [0m] Reached target Timers.
[[0;32m  OK  [0m] Reached target Network is Online.
[797]: |Bo+ o   S X      |
[   37.735754] cloud-init[797]: |o+ = o   + =     |
[   37.737651] cloud-init[797]: |o.+ o .   o +    |
[   37.739555] cloud-init[797]: |+. .       o     |
[   37.741544] cloud-init[797]: |BoE              |
[   37.743262] cloud-init[797]: +----[SHA256]-----+
[   37.746522] cloud-init[797]: Generating public/private dsa key pair.
[[0;32m  OK  [0m] Reached target Remote File Systems (Pre).
[[0;32m  OK  [0m] Reached target Remote File Systems.
         Starting Availability of block devices...
[[0;32m  OK  [0m] Listening on LXD - unix socket.
[[0;32m  OK  [0m] Listening on Socket activation for snappy daemon.
[[0;32m  OK  [0m] Reached target Sockets.
[   37.753998] cloud-init[797]: Your identification has been saved in /etc/ssh/ssh_host_dsa_key.
[[0;32m  OK  [0m] Reached target Basic System.
[   37.780809] cloud-init[797]: Your public key has been saved in /etc/ssh/ssh_host_dsa_key.pub.
         Starting Virtualbox guest utils...
[   37.784432] cloud-init[797]: The key fingerprint is:
[[0;32m  OK  [0m] Started FUSE filesystem for LXC.
[   37.814831] cloud-init[797]:          Starting LSB: Record successful boot for GRUB...
[[0;32m  OK  [0m] Started Deferred execution scheduler.
SHA256:l0lgpktTQvucVzc9ZsLix7x78nNdSJGCqSxq3CtV+xk root@ubuntu-bionic
[   37.830558] cloud-init[797]: The key's randomart image is:
[   37.832548] cloud-init[797]: +---[DSA 1024]----+
[   37.851036] cloud-init[797]: |     .o =  o   . |
[   37.854587] cloud-init[797]: |       B .o o o. |
[   37.856376] cloud-init[797]: |      =. ....+o=.|
[   37.858706] cloud-init[797]: |     ..=+o.++.=..|
[   37.860869] cloud-init[797]: |   . o.oS.=. = . |
[   37.862761] cloud-init[797]: |    + o .oE . o .|
[   37.864389] cloud-init[797]: |   . . . . o .  o|
[   37.866076] cloud-init[797]: |    . .   o  ..oo|
[   37.867644] cloud-init[797]: |     .       .+.o|
[   37.870410] cloud-init[797]: +----[SHA256]-----+
[   37.871963] cloud-init[797]: Generating public/private ecdsa key pair.
[   37.874119] [[0;32m  OK  [0m] Started irqbalance daemon.
cloud-init         Starting LXD - container startup/shutdown...
         Starting System Logging Service...
         Starting Accounts Service...
[797]: Your identification has been saved in /etc/ssh/ssh_host_ecdsa_key.
[   37.916795]          Starting LSB: automatic crash report generation...
cloud-init[797]: Your public key has been saved in /etc/ssh/ssh_host_ecdsa_key.pub.
[   37.946106] cloud-init[797]: The key fingerprint is:
[   37.947582] cloud-init[797]: SHA256:97X+19TbhZzaYGTDEHyEMI9gsoZAiraSx550E9fNqvY root@ubuntu-bionic
[   37.984313] cloud-init[797]: The key's randomart image is:
[   37.986657] cloud-init[797]: +---[ECDSA 256]---+
[   37.988342] cloud-init[797]: |o.  . o oo.+.    |
[   37.990213] cloud-init[797]: |o. . + o *+ .    |
[   37.992009] cloud-init[797]: |o.. + . o ++     |
[   38.003453] cloud-init[797]: |.o.. o   .  =    |
[   38.005801] cloud-init[797]: |o.+ o   S .o o.o.|
[   38.007851] cloud-init[797]: |.+ o . . . .o.+.+|
[   38.009127] cloud-init[797]: |  o   o    ..+..=|
[   38.016580] cloud-init[797]: |     . .    ....+|
[   38.019816] cloud-init[797]: |        E     ..o|
[   38.022921] cloud-init[797]: +----[SHA256]-----+
[   38.025563] cloud-init[797]: Generating public/private ed25519 key pair.
[   38.036863] cloud-init[797]: Your identification has been saved in /etc/ssh/ssh_host_ed25519_key.
[   38.039223] cloud-init[797]: Your public key has been saved in /etc/ssh/ssh_host_ed25519_key.pub.
[   38.045138] cloud-init[797]: The key fingerprint is:
[   38.049109] cloud-init[797]: SHA256:9mPrx6gGU8A+k34T7+sMQbnGNcfTXfytX3TBn/wQ4zg root@ubuntu-bionic
[   38.060388] cloud-init[797]: The key's randomart image is:
[   38.072024] cloud-init[797]: +--[ED25519 256]--+
[   38.074621] cloud-init[797]: |     .        ...|
[   38.075599] cloud-init[797]: |      o  . . .o+o|
[   38.081432] cloud-init[797]: |     . oo o +oooB|
[   38.082398] cloud-init[797]: |      =ooo oE.oo*|
[   38.083298] cloud-init[797]: |     . +So   . +o|
[   38.084295] cloud-init[797]: |      +ooo.   . o|
[   38.085243] cloud-init[797]: |       +.o+o   ..|
[   38.086224] cloud-init[797]: |        .+ooo   .|
[   38.087680] cloud-init[797]: |       ..+*o     |
[   38.088788] cloud-init[797]: +----[SHA256]-----+
         Starting Pollinate to seed the pseudo random number generator...
         Starting Snappy daemon...
[[0;32m  OK  [0m] Started Regular background program processing daemon.
         Starting Permit User Sessions...
         Starting Login Service...
[[0;32m  OK  [0m] Started D-Bus System Message Bus.
[[0;32m  OK  [0m] Started Login Service.
[[0;32m  OK  [0m] Started Unattended Upgrades Shutdown.
         Starting Dispatcher daemon for systemd-networkd...
[[0;32m  OK  [0m] Started System Logging Service.
[[0;32m  OK  [0m] Started Availability of block devices.
[[0;32m  OK  [0m] Started Permit User Sessions.
         Starting Hold until boot process finishes up...
         Starting Terminate Plymouth Boot Screen...
[[0;32m  OK  [0m] Started Hold until boot process finishes up.
[[0;32m  OK  [0m] Started Terminate Plymouth Boot Screen.
         Starting Authorization Manager...
[[0;32m  OK  [0m] Started Serial Getty on ttyS0.
         Starting Set console scheme...
[[0;32m  OK  [0m] Started LSB: automatic crash report generation.
[[0;32m  OK  [0m] Started Set console scheme.
[[0;32m  OK  [0m] Created slice system-getty.slice.
[[0;32m  OK  [0m] Started Getty on tty1.
[[0;32m  OK  [0m] Reached target Login Prompts.
[[0;32m  OK  [0m] Started Authorization Manager.
[[0;32m  OK  [0m] Started Accounts Service.
[[0;32m  OK  [0m] Started LSB: Record successful boot for GRUB.
[[0;32m  OK  [0m] Started Virtualbox guest utils.
[[0;32m  OK  [0m] Started LXD - container startup/shutdown.
[[0;32m  OK  [0m] Started Snappy daemon.
         Starting Wait until snapd is fully seeded...
[[0;32m  OK  [0m] Started Pollinate to seed the pseudo random number generator.
         Starting OpenBSD Secure Shell server...
[[0;32m  OK  [0m] Started Dispatcher daemon for systemd-networkd.
[[0;32m  OK  [0m] Started OpenBSD Secure Shell server.
[[0;32m  OK  [0m] Created slice User Slice of vagrant.
[[0;32m  OK  [0m] Started Wait until snapd is fully seeded.
         Starting User Manager for UID 1000...
         Starting Apply the settings specified in cloud-config...
[[0;32m  OK  [0m] Reached target Multi-User System.
[[0;32m  OK  [0m] Reached target Graphical Interface.
         Starting Update UTMP about System Runlevel Changes...

Ubuntu 18.04.2 LTS ubuntu-bionic ttyS0

ubuntu-bionic login: [   47.031123] cloud-init[1445]: Cloud-init v. 18.5-45-g3554ffe8-0ubuntu1~18.04.1 running 'modules:config' at Thu, 11 Apr 2019 18:41:08 +0000. Up 45.07 seconds.
ci-info: no authorized ssh keys fingerprints found for user ubuntu.
<14>Apr 11 18:41:11 ec2: 
<14>Apr 11 18:41:11 ec2: #############################################################
<14>Apr 11 18:41:11 ec2: -----BEGIN SSH HOST KEY FINGERPRINTS-----
<14>Apr 11 18:41:11 ec2: 1024 SHA256:l0lgpktTQvucVzc9ZsLix7x78nNdSJGCqSxq3CtV+xk root@ubuntu-bionic (DSA)
<14>Apr 11 18:41:11 ec2: 256 SHA256:97X+19TbhZzaYGTDEHyEMI9gsoZAiraSx550E9fNqvY root@ubuntu-bionic (ECDSA)
<14>Apr 11 18:41:11 ec2: 256 SHA256:9mPrx6gGU8A+k34T7+sMQbnGNcfTXfytX3TBn/wQ4zg root@ubuntu-bionic (ED25519)
<14>Apr 11 18:41:11 ec2: 2048 SHA256:R+vHLMHDloAYleD+iKqrTCjQSKnDyNCJZdLk6V6gH68 root@ubuntu-bionic (RSA)
<14>Apr 11 18:41:11 ec2: -----END SSH HOST KEY FINGERPRINTS-----
<14>Apr 11 18:41:11 ec2: #############################################################
-----BEGIN SSH HOST KEY KEYS-----
ecdsa-sha2-nistp256 AAAAE2VjZHNhLXNoYTItbmlzdHAyNTYAAAAIbmlzdHAyNTYAAABBBHOrBkzLTl6W4KT9OC5od73rh6qwFuMDI6Llhy1bjPpNklfHKzHCjSHakq8Y7QMIiY4f84WrmAEKIwevwnH8TOE= root@ubuntu-bionic
ssh-ed25519 AAAAC3NzaC1lZDI1NTE5AAAAIH1j84+iqNPAW/aWx/UekScNTszECcOYG7ISaaNoMEq5 root@ubuntu-bionic
ssh-rsa AAAAB3NzaC1yc2EAAAADAQABAAABAQDlkQA47ReAMAwQoVAtPnXCeRccEQV/4GnlFON6wx4VbUTOWJrdkpHP4fzZo3aPc1WKSZ7jT+31O+3oUBzKX2maufQz2KwxFF2+a+/gr6GujGUVYKUCLCHVkE6zQVFb3KuPjoVOFvdh08xF7CN7ZT3XqIMIpnzxkOIb5Z/ZsIpc4Xtt9aV+oGI7PppdDYxxuu5YfS5fxHUxJ+tL0UPQKbRd6SBB++pGkCx3lCRbnzmznYBRbPJ6Dk+axOADuhjpQb3aLLakjEJ4lMDn1lGpUA262iyOa+MV4ds+oT8xRo5hmZdAr6yHpKm3vTdphiGe/OLEdCP8bPdCMQYkwoiEv7yL root@ubuntu-bionic
-----END SSH HOST KEY KEYS-----
[   48.015666] cloud-init[1570]: Cloud-init v. 18.5-45-g3554ffe8-0ubuntu1~18.04.1 running 'modules:final' at Thu, 11 Apr 2019 18:41:11 +0000. Up 47.73 seconds.
[   48.015742] cloud-init[1570]: ci-info: no authorized ssh keys fingerprints found for user ubuntu.
[   48.015800] cloud-init[1570]: Cloud-init v. 18.5-45-g3554ffe8-0ubuntu1~18.04.1 finished at Thu, 11 Apr 2019 18:41:11 +0000. Datasource DataSourceNoCloud [seed=/dev/sdb][dsmode=net].  Up 48.00 seconds
