[    0.000] Intiliing cgroup subsys cpuset
[  00000] nitializing cgroup subsys cpu
[  0000000Intialin cgroup bss cpcc
[   .000000] Linux version 4.4.0-142-generic (buildd@lgw01-amd64-033) (gcc version 5.4.0 20160609 (Ubuntu 5.4.0-6ubuntu1~16.04.10) ) #168-Ubuntu SMP Wed Jan 16 21:00:45 UTC 2019 (Ubuntu 4.4.0-142.168-generic 4.4.167)
[    0.0000] Command line: BOOT_IMAGE=/boot/vmlinuz-4.4.0-142-generic root=LABEL=cloudimg-rootfs ro console=tty1 console=ttyS0
[    0.000000] KERNEL supported cpus:
[    0.000000]  Intel GenuineIntel
[    0.000000]   AMD AuthenticAMD
[    0.000000]   Centaur CentaurHauls
[    0.000000] x86/fpu: xstate_offset[2]:  576, xstate_sizes[2]:  256
[    0.000000] x86/fpu: Supporting XSAVE feature 0x01: 'x87 floating point registers'
[    0.000000] x86/fpu: Supporting XSAVE feature 0x02: 'SSE registers'
[    0.000000] x86/fpu: Supporting XSAVE feature 0x04: 'AVX registers'
[    0.000000] x86/fpu: Enabled xstate features 0x7, context size is 832 bytes, using 'standard' format.
[    0.000000] e820: BIOSprovedphysalRAM p:
[    0.000000] BIOS-e820: [mem 0x0000000000000000-0x000000000009fbff] usable
[   .00000BIS-e820 [mem 0x000000000009fc00-0x000000000009ffff] reserved
[   0.0000 BIOe80: [mem 0x00000000000f0000-0x00000000000fffff] reserved
[  00000] BIOS82: [m 0x000000010000-x0000000fefff] usable
[  0000000BIS-e820: [mem 0x00000000dfff0000-0x00000000dfffffff] ACPI data
[    0.000000] BIOS-e820: [mem 0x00000000fec00000-0x00000000fec00fff] reserved
[  000000]BIOS-e820: [mem 0x00000000fee00000-0x00000000fee00fff] reserved
[    0.000000] BIOS-e820: [mem 0x00000000fffc0000-0x00000000ffffffff] reserved
[    0.000000] BIOS-e820: [mem 0x0000000100000000-0x000000011fffffff] usable
[    0.000000] NX (Execute Disable) protection: active
[    0.000000] SMBIOS 2.5 present.
[    0.000000] Hypervisor detected: KVM
[    0.000000] e820: last_pfn = 0x120000 max_arch_pfn = 0x400000000
[    0.000000] MTRR: Disabled
[    0.000000] x86/PAT: MTRRs disabled, skipping PAT initialization too.
[    0.000000] CPU MTRRs all blank - virtualized system.
[    0.000000] x86/PAT: Configuration [0-7]: WB  WT  UC- UC  WB  WT  UC- UC  
[    0.000000] e820: last_p = 0xdfff0 max_arch_pfn = 0x400000000
[   .00000fond SP P-able at mem 0x00ff0-0x00ffff] apped at [ffff88000009fff0]
[  0.000] Scnig 1 re for low memory corruption
[  0.0000]RAMDI: mem 360a000-0x3717cfff]
[  0000000ACPI Ely tlecheckm verification disabled
[    0.000000] ACPI: RSDP 0x00000000000E0000 000024 02 VBO )
[  0.000]ACPI XT 0x00000000DFFF0030 00003C (v01 VBOX   VBOXXSDT 00000001 ASL  00000061)
[    0.000000] ACPI: FACP 0x00000000DFFF00F0 0000F4 (v04 VBOX   VBOXFACP 00000001 ASL  00000061)
[   00000] ACPI: DSDT 0x00000000DFFFF7000FF(v0 VOX   OXIOS 0000 ITL 201528)    0.0000] ACPI: FACS 0x00000000DFFF0200 000040
[   0.000] ACP: AC 0x00000DF0200 000040
[    0.000000] ACPI: APIC 0x000000DFFF0240 00005C (v02 VBOX   VBOXAPIC 00000001 ASL  00000061)
[    0.000000] ACPI: SSDT 0x00000000DFFF02A0 0001CC (v01 VX   BOCPT 000002 INTL 20100528)
[  0.0000]No NUMA configuration found
[  0000000 Fkig a od at [m 000000000000000x000001fffff]
[  0.00000]OD_DATA( alocate[mm 0xfff000-011fffbfff]
[    0.000000] kvm-clock: Using msrs 4b564d01 and 4b564d00
[    0.000000] kvm-clock: cpu 0, msr 1:1ffef001, primary cpu clock
[    0.000000] kvm-cloock: using sched offset of 382984752 cycles
[  0.000000] clocksource: kvm-clock: mask: 0xffffffffffffffff max_cycles: 0x1cd42e4dffb, max_idle_ns: 881590591483 ns
[    0.000000] Zone ranges:
[    0.000000]   DMA      [mem 0x0000000000001000-0x0000000000ffffff]
[    0.000000]   DMA32    [mem 0x0000000001000000-0x00000000ffffffff]
[    0.000000]   Normal   [mem 0x0000000100000000-0x000000011fffffff]
[    0.000000]   Device   empty
[    0.000000] Movable zone start for each node
[    0.000000] Early memory node ranges
[    0.000000]   node   0: [mem 0x0000000000001000-0x000000000009efff]
[    0.000000]   node   0: [mem 0x0000000000100000-0x00000000dffeffff]
[    0.000000]   node   0: [mem 0x0000000100000000-0x000000011fffffff]
[    0.000000] Initmem setup node 0 [mem 0x00000000000010000-0x000000011fffffff]
[    0.000000] ACPI: PM-Timer IO Port: 0x4008
[    0.000000] IOAPIC[0]: apic_id 2, version 32, address 0xfec00000, GSI 0-23
[    0.000000] ACPI: INT_SRC_OVR (bus 0 bus_irq 0 global_irq 2 dfl dfl)
[    0.000000] ACPI: INT_SRC_OVR (bus 0 bus_irq 9 global_irq 9 low level)
[    0.000000] Using ACPI (MADT) for SMP configuration information
[    0.000000] smpboot: Allowing 2 CPUs, 0 hotplug CPUs
[  00000] M: Registered nosave memory: [mem 0x00000000-0x00000fff]
[  0000000 P: egisted osavmeory: [m x000f0-0x0009ffff]
[  00000] M: Registered nosave memory: [mem 0x000a0000-0x000effff]
[  000000]M: Registered nosave memory: [mem 0x000f0000-0x000fffff]
[  0000000PM Regteed nosvemeory: [em 0dfff000-dfffff
[    0.000000] PM: Registered nosave memory: [mem 0xe0000000-0xfebfffff]
[  0.00000] : egistered nosave memory: [mem 0xfec00000-0xfec00fff]
[   .00000] PM: Registered nosave memory: [mem 0ec1000xfdffff]
[    0.000000] PM: Registered nosave memory: [mem 0xfee00000-0xfee00fff]
[   0.000] PMReisteednoave moy: [me0xee01000-0xfffbffff]
[  0000000] PM: Registered nosave memory: [mem 0xfffc00-0ffffff]
[  0.00000 e20: em0xe0000-0xfebfffff] available for PCI devices
[  0.00000]Booti pravituized kene o KVM
[    0.000000] clocksource: refined-jiffies: mask: 0xffffffff max_cycles: 0xffffffff, max_idles: 7559600158 ns[   .0000 stup_percpu: NR_CPUS:512 nr_cpumask_bits:512r_pu_ids2 _node_i:1
[    0.000000] PERCPU: Embedded 34 pages/c @fff88011fc00000 s99480 r8192 d31592 u1048576
[    0.000000] Built 1 zonelists in Node order, mobility grouping on.  Total pages: 1032056
[  0000000] Policy zone: Normal
[  000000]ernel command line: BOOT_IMAGE=oo/vmluz4.4.0-1-generic rot=LABEL=cloudimg-rootfs ro console=tty1 console=ttyS0
[    0.000000] PID hash table entries: 4096 (order: 3, 32768 bytes)
[    0.000000] Memory: 4028248K/4193848K available (8603K kernel code, 1332K rwdata, 4004K rodata, 1484K init, 1316K bss, 165600K reserved, 0K cma-reserved)
[    0.000000] SLUB: HWalign=64, Order=0-3, MinObjects=0, CPUs=2, Nodes=1
[    0.000000] Kernel/User page tables isolation: enabled
[    0.000000] Hierarchical RCU implementation.
[    0.000000] 	Build-time adjustment of leaf fanout to 64.
[    0.000000] 	RCU restricting CPUs from NR_CPUS=512 to nr_cpu_ids=2.
[    0.000000] RCU: Adjusting geometry for rcu_fanout_leaf=64, nr_cpu_ids=2
[    0.000000]NR_IRQ:302 nr_qs440 16
[   .00000Cosole: colour VGA+ 80x25
[    00000] nsle [tt] nabled    0.000] conle[ttyS0] enabled
[  0.000000] tsc: Detected 2591.998 MHz processor
[   9.131822] Calibrating delay loop (skipped) preset value.. 5183.99 BogoMIPS (lpj=10367992)
[    9.276958] pid_max: default: 32768 minimum: 301
[    9.280007] ACPI: Core revision 20150930
[    9.313246] ACPI: 2 ACPI AML tables successfully acquired and loaded
[    9.373731] Security Framework initialized
[    9.405644] Yama: becoming mindful.
[    9.469855] AppArmor: AppArmor initialized
[    9.494418] Dentry cache hash table entries: 524288 (order: 10, 4194304 bytes)
[    9.573952] Inode-cache hash table entries: 262144 (order: 9, 2097152 bytes)
[    9.604479] Mount-cache hash table entries: 8192 (order: 4, 65536 bytes)
[    9.606200] Mountpoint-cache hash table entries: 8192 (order: 4, 65536 bytes)
[    9.611285] Initializing cgroup subsys io
[    9.612538] Initializing cgroup subsys memory
[    9.620384] Initializing cgroup subsys devices
[    9.623449] Initializing cgroup subsys freezer
[    9.624634] Initializing cgroup subsys net_cls
[    9.625937] Initializing cgroup subsys perf_event
[    9.627229] Initializing cgroup subsys net_prio
[    9.628361] Initializing cgroup subsys hugetlb
[    9.629585] Initializing cgroup subsys pids
[    9.631765] mce: CPU supports 0 MCE banks
[    9.632810] Last level iTLB entries: 4KB 64, 2MB 8, 4MB 8
[    9.634068] Last level dTLB entries: 4KB 64, 2MB 0, 4MB 0, 1GB 4
[    9.635448] Spectre V2 : Mitigation: Full generic retpoline
[    9.636699] Spectre V2 : Spectre v2 / SpectreRSB mitigation: Filling RSB on context switch
[    9.639107] Speculative Store Bypass: Vulnerable
[    9.687678] Freeing SMP alternatives memory: 32K
[    9.736661] ftrace: allocating 32277 entries in 127 pages
[    9.955860] smpboot: APIC(0) Converting physical 0 to logical package 0
[   10.021995] smpboot: Max logical packages: 1
[   10.082378] x2apic enabled
[   10.124185] Switched APIC routing to physical x2apic.
[   10.233585] ..TIMER: vector=0x30 apic1=0 pin1=2 apic2=-1 pin2=-1
[   10.458871] smpboot: CPU0: Intel(R) Core(TM) i7-6700HQ CPU @ 2.60GHz (family: 0x6, model: 0x5e, stepping: 0x3)
[   10.672801] Performance Events: unsupported p6 CPU model 94 no PMU driver, software events only.
[   10.686234] KVM setup paravirtual spinlock
[   10.704208] x86: Booting SMP configuration:
[   10.705482] .... node  #0, CPUs:      #1
[   10.706544] kvm-clock: cpu 1, msr 1:1ffef041, secondary cpu clock
[   10.708817] mce: CPU supports 0 MCE banks
[   10.711598] x86: Booted up 1 node, 2 CPUs
[   10.719927] smpboot: Total of 2 processors activated (10367.99 BogoMIPS)
[   10.722349] devtmpfs: initialized
[   10.727774] evm: security.selinux
[   10.728884] evm: security.SMACK64
[   10.729897] evm: security.SMACK64EXEC
[   10.730946] evm: security.SMACK64TRANSMUTE
[   10.732090] evm: security.SMACK64MMAP
[   10.828317] evm: security.ima
[   10.839365] evm: security.capability
[   10.945661] clocksource: jiffies: mask: 0xffffffff max_cycles: 0xffffffff, max_idle_ns: 7645041785100000 ns
[   11.145388] futex hash table entries: 512 (order: 3, 32768 bytes)
[   11.169415] pinctrl core: initialized pinctrl subsystem
[   11.232661] RTC time: 17:06:16, date: 04/11/19
[   11.237007] NET: Registered protocol family 16
[   11.296602] cpuidle: using governor ladder
[   11.396088] cpuidle: using governor menu
[   11.477106] PCCT header not found.
[   11.487591] ACPI: bus type PCI registered
[   11.556822] acpiphp: ACPI Hot Plug PCI Controller Driver version: 0.5
[   11.643833] PCI: Using configuration type 1 for base access
[   11.773949] ACPI: Added _OSI(Module Device)
[   11.777289] ACPI: Added _OSI(Processor Device)
[   11.780011] ACPI: Added _OSI(3.0 _SCP Extensions)
[   11.798015] ACPI: Added _OSI(Processor Aggregator Device)
[   11.805374] ACPI: Executed 1 blocks of module-level executable AML code
[   11.811673] ACPI: Interpreter enabled
[   11.812911] ACPI: (supports S0 S5)
[   11.814126] ACPI: Using IOAPIC for interrupt routing
[   11.815992] PCI: Using host bridge windows from ACPI; if necessary, use "pci=nocrs" and report a bug
[   11.823162] ACPI: PCI Root Bridge [PCI0] (domain 0000 [bus 00-ff])
[   11.828298] acpi PNP0A03:00: _OSC: OS supports [ASPM ClockPM Segments MSI]
[   11.830316] acpi PNP0A03:00: _OSC: not requesting OS control; OS requires [ExtendedConfig ASPM ClockPM MSI]
[   11.833303] acpi PNP0A03:00: fail to add MMCONFIG information, can't access extended PCI configuration space under this bridge.
[   11.981636] PCI host bridge to bus 0000:00
[   12.075920] pci_bus 0000:00: root bus resource [io  0x0000-0x0cf7 window]
[   12.114946] pci_bus 0000:00: root bus resource [io  0x0d00-0xffff window]
[   12.210969] pci_bus 0000:00: root bus resource [mem 0x000a0000-0x000bffff window]
[   12.411606] pci_bus 0000:00: root bus resource [mem 0xe0000000-0xfdffffff window]
[   12.544928] pci_bus 0000:00: root bus resource [bus 00-ff]
[   12.622855] pci 0000:00:01.1: legacy IDE quirk: reg 0x10: [io  0x01f0-0x01f7]
[   12.695915] pci 0000:00:01.1: legacy IDE quirk: reg 0x14: [io  0x03f6]
[   12.738489] pci 0000:00:01.1: legacy IDE quirk: reg 0x18: [io  0x0170-0x0177]
[   12.880734] pci 0000:00:01.1: legacy IDE quirk: reg 0x1c: [io  0x0376]
[   12.928561] pci 0000:00:07.0: quirk: [io  0x4000-0x403f] claimed by PIIX4 ACPI
[   12.930603] pci 0000:00:07.0: quirk: [io  0x4100-0x410f] claimed by PIIX4 SMB
[   12.960728] ACPI: PCI Interrupt Link [LNKA] (IRQs 5 9 10 *11)
[   13.057000] ACPI: PCI Interrupt Link [LNKB] (IRQs 5 9 *10 11)
[   13.201434] ACPI: PCI Interrupt Link [LNKC] (IRQs 5 *9 10 11)
[   13.238550] ACPI: PCI Interrupt Link [LNKD] (IRQs 5 9 10 *11)
[   13.321302] ACPI: Enabled 2 GPEs in block 00 to 07
[   13.398587] vgaarb: setting as boot device: PCI:0000:00:02.0
[   13.478658] vgaarb: device added: PCI:0000:00:02.0,decodes=io+mem,owns=io+mem,locks=none
[   13.491310] vgaarb: loaded
[   13.516728] vgaarb: bridge control possible 0000:00:02.0
[   13.518762] SCSI subsystem initialized
[   13.520105] ACPI: bus type USB registered
[   13.521722] usbcore: registered new interface driver usbfs
[   13.523199] usbcore: registered new interface driver hub
[   13.524786] usbcore: registered new device driver usb
[   13.526441] PCI: Using ACPI for IRQ routing
[   13.528132] NetLabel: Initializing
[   13.529407] NetLabel:  domain hash size = 128
[   13.530782] NetLabel:  protocols = UNLABELED CIPSOv4
[   13.532339] NetLabel:  unlabeled traffic allowed by default
[   13.542438] amd_nb: Cannot enumerate AMD northbridges
[   13.545168] clocksource: Switched to clocksource kvm-clock
[   13.555658] AppArmor: AppArmor Filesystem Enabled
[  1.564543] pnp: PnP ACPI init
[   13.293]pn P AI: found 3 devices

[  13.2085] clocksource: acpi_pm: mask: 0xffffff max_cycles: 0xffffffma_ile_ns: 2085701024 ns
[  11660] ET Rgiteedroocl amly
[   146538]CPesblhehah abe tries: 32768 (order: 6, 262144 bytes)

[   15.138585] TCP bind hash table entries: 32768 (order: 7, 524288 bytes)
[   15.143184] TCP: Hash tables configured (established 32768 bind 32768)
[   15.144866] UDP hash table entries: 2048 (order: 4, 65536 bytes)
[   15.146543] UDP-Lite hash table entries: 2048 (order: 4, 65536 bytes)
[   15.148412] NET: Registered protocol family 1
[   15.163120] pci 0000:00:00.0: Limiting direct PCI/PCI transfers
[   15.164632] pci 0000:0010: Activating ISA DA anwoaruns[  15.466] npckngnirafs..
[   16.131543] Freeing initrd memory: 14796K
[   16.194931] PCI-DMA: Using software bounce buffering for IO (SWIOTLB)
[   16.219775] software IO TLB [mem 0xdbff0000-0xdfff0000] (64MB) mapped at [ffff8800dbff0000-ffff8800dffeffff]
[   16.222796] platform rtc_cmos: registered platform RTC device (no PNP device found)
[   16.250536] Scanning for low memory corruption every 60 seconds
[   16.252466] audit: initializing netlink subsys (disabled)
[   16.253928] audit: type=2000 audit(1555002373.351:1): initialized
[   16.255843] Initialise system trusted keyring
[   16.257771] HugeTLB registered 2 MB page size, pre-allocated 0 pages
[   16.261144] zbud: loaded
[   16.269394] VFS: Disk quotas dquot_6.6.0
[   16.270704] VFS: Dquot-cache hash table entries: 512 (order 0, 4096 bytes)
[   16.272974] squashfs: version 4.0 (2009/01/31) Phillip Lougher
[   16.274839] fuse init (API version 7.23)
[   16.275996] Key type big_key registered
[   16.277089] Allocating IMA MOK and blacklist keyrings.
[   16.280550] Key type asymmetric registered
[   16.281707] Asymmetric key parser 'x509' registered
[   16.283058] Block layer SCSI generic (bsg) driver version 0.4 loaded (major 249)
[   16.331135] io scheduler noop registered
[   16.381493] io scheduler deadline registered (default)
[   16.382819] io scheduler cfq registered
[   16.384016] pci_hotplug: PCI Hot Plug PCI Core version: 0.5
[   16.385341] pciehp: PCI Express Hot Plug Controller Driver version: 0.4
[   16.386992] ACPI: AC Adapter [AC] (on-line)
[   16.388149] input: Power Button as /devices/LNXSYSTM:00/LNXPWRBN:00/input/input0
[   16.390166] ACPI: Power Button [PWRF]
[   16.391217] input: Sleep Button as /devices/LNXSYSTM:00/LNXSLPBN:00/input/input1
[   16.393072] ACPI: Sleep Button [SLPF]
[   16.394354] GHES: HEST is not enabled!
[   16.398865] ACPI: Battery Slot [BAT0] (battery present)
[   16.430800] Serial: 8250/16550 driver, 32 ports, IRQ sharing enabled
[   16.495426] 00:02: ttyS0 at I/O 0x3f8 (irq = 4, base_baud = 115200) is a 16550A
[   16.500716] Linux agpgart interface v0.103
[   16.504023] loop: module loaded
[   16.511830] scsi host0: ata_piix
[   16.592029] scsi host1: ata_piix
[   16.646347] ata1: PATA max UDMA/33 cmd 0x1f0 ctl 0x3f6 bmdma 0xd000 irq 14
[   16.648032] ata2: PATA max UDMA/33 cmd 0x170 ctl 0x376 bmdma 0xd008 irq 15
[   16.649706] libphy: Fixed MDIO Bus: probed
[   16.650898] tun: Universal TUN/TAP device driver, 1.6
[   16.652087] tun: (C) 1999-2004 Max Krasnyansky <maxk@qualcomm.com>
[   16.653510] PPP generic driver version 2.4.2
[   16.734468] ehci_hcd: USB 2.0 'Enhanced' Host Controller (EHCI) Driver
[   16.752795] ehci-pci: EHCI PCI platform driver
[   16.762333] ehci-platform: EHCI generic platform driver
[   16.763620] ohci_hcd: USB 1.1 'Open' Host Controller (OHCI) Driver
[   16.765163] ohci-pci: OHCI PCI platform driver
[   16.766345] ohci-platform: OHCI generic platform driver
[   16.767664] uhci_hcd: USB Universal Host Controller Interface driver
[   16.769193] i8042: PNP: PS/2 Controller [PNP0303:PS2K,PNP0f03:PS2M] at 0x60,0x64 irq 1,12
[   16.772137] serio: i8042 KBD port at 0x60,0x64 irq 1
[   16.850644] serio: i8042 AUX port at 0x60,0x64 irq 12
[   16.892669] mousedev: PS/2 mouse device common for all mice
[   16.936899] rtc_cmos rtc_cmos: rtc core: registered rtc_cmos as rtc0
[   16.945432] input: AT Translated Set 2 keyboard as /devices/platform/i8042/serio0/input/input2
[   16.947646] rtc_cmos rtc_cmos: alarms up to one day, 114 bytes nvram
[   16.949238] i2c /dev entries driver
[   17.026325] device-mapper: uevent: version 1.0.3
[   17.043405] device-mapper: ioctl: 4.34.0-ioctl (2015-10-28) initialised: dm-devel@redhat.com
[   17.095913] ledtrig-cpu: registered to indicate activity on CPUs
[   17.131159] NET: Registered protocol family 10
[   17.150937] NET: Registered protocol family 17
[   17.168345] Key type dns_resolver registered
[   17.169755] registered taskstats version 1
[   17.170924] Loading compiled-in X.509 certificates
[   17.172722] Loaded X.509 cert 'Build time autogenerated kernel key: bff73e56bc0efa7435b2a24f5427674623f1be80'
[   17.175172] zswap: loaded using pool lzo/zbud
[   17.178325] Key type trusted registered
[   17.190152] Key type encrypted registered
[   17.198562] AppArmor: AppArmor sha1 policy hashing enabled
[   17.226227] ima: No TPM chip found, activating TPM-bypass!
[   17.229748] tsc: Refined TSC clocksource calibration: 2593.002 MHz
[   17.229750] clocksource: tsc: mask: 0xffffffffffffffff max_cycles: 0x2560699360b, max_idle_ns: 440795326257 ns
[   17.277834] ima: Allocated hash algorithm: sha1
[   17.278966] evm: HMAC attrs: 0x1
[   17.280359]   Magic number: 15:680:137
[   17.300112] rtc_cmos rtc_cmos: setting system clock to 2019-04-11 17:06:22 UTC (1555002382)
[   17.314916] BIOS EDD facility v0.16 2004-Jun-25, 0 devices found
[   17.322926] EDD information not available.
[   17.327368] Freeing unused kernel memory: 1484K
[   17.373277] Write protecting the kernel read-only data: 14336k
[   17.378197] Freeing unused kernel memory: 1624K
[   17.381299] Freeing unused kernel memory: 92K
Loading, please wait...
starting version[   17.396194] random: systemd-udevd: uninitialized urandom read (16 bytes read, 5 bits of entropy available)
 229
[   17.396809] random: udevadm: uninitialized urandom read (16 bytes read, 5 bits of entropy available)
[   17.396826] random: udevadm: uninitialized urandom read (16 bytes read, 5 bits of entropy available)
[   17.405586] random: udevadm: uninitialized urandom read (16 bytes read, 5 bits of entropy available)
[   17.405623] random: udevadm: uninitialized urandom read (16 bytes read, 5 bits of entropy available)
[   17.405755] random: udevadm: uninitialized urandom read (16 bytes read, 5 bits of entropy available)
[   17.405816] random: udevadm: uninitialized urandom read (16 bytes read, 5 bits of entropy available)
[   17.405863] random: udevadm: uninitialized urandom read (16 bytes read, 5 bits of entropy available)
[   17.405912] random: udevadm: uninitialized urandom read (16 bytes read, 5 bits of entropy available)
[   17.405956] random: udevadm: uninitialized urandom read (16 bytes read, 5 bits of entropy available)
[   17.447464] e1000: Intel(R) PRO/1000 Network Driver - version 7.3.21-k8-NAPI
[   17.449094] e1000: Copyright (c) 1999-2006 Intel Corporation.
[   17.453937] Fusion MPT base driver 3.04.20
[   17.455008] Copyright (c) 1999-2008 LSI Corporation
[   17.480513] Fusion MPT SPI Host driver 3.04.20
[   17.570498] AVX2 version of gcm_enc/dec engaged.
[   17.571884] AES CTR mode by8 optimization enabled
[   17.712126] input: ImExPS/2 Generic Explorer Mouse as /devices/platform/i8042/serio1/input/input4
[   17.930699] e1000 0000:00:03.0 eth0: (PCI:33MHz:32-bit) 02:a9:46:80:4d:77
[   18.053548] e1000 0000:00:03.0 eth0: Intel(R) PRO/1000 Network Connection
[   18.493047] e1000 0000:00:08.0 eth1: (PCI:33MHz:32-bit) 08:00:27:ec:37:4b
[   18.523013] e1000 0000:00:08.0 eth1: Intel(R) PRO/1000 Network Connection
[   18.544498] e1000 0000:00:03.0 enp0s3: renamed from eth0
[   18.544543] mptbase: ioc0: Initiating bringup
[   18.689969] e1000 0000:00:08.0 enp0s8: renamed from eth1
[   18.742228] ioc0: LSI53C1030 A0: Capabilities={Initiator}
[   20.509672] scsi host2: ioc0: LSI53C1030 A0, FwRev=00000000h, Ports=1, MaxQ=256, IRQ=20
[   21.226584] scsi 2:0:0:0: Direct-Access     VBOX     HARDDISK         1.0  PQ: 0 ANSI: 5
[   21.711006] scsi target2:0:0: Beginning Domain Validation
[   21.736667] scsi target2:0:0: Domain Validation skipping write tests
[   21.744987] scsi target2:0:0: Ending Domain Validation
[   21.746545] scsi target2:0:0: asynchronous
[   21.750924] scsi 2:0:1:0: Direct-Access     VBOX     HARDDISK         1.0  PQ: 0 ANSI: 5
[   21.753233] scsi target2:0:1: Beginning Domain Validation
[   21.756404] scsi target2:0:1: Domain Validation skipping write tests
[   21.759637] scsi target2:0:1: Ending Domain Validation
[   21.761659] scsi target2:0:1: asynchronous
[   22.598074] sd 2:0:0:0: [sda] 20971520 512-byte logical blocks: (10.7 GB/10.0 GiB)
[   22.732959] sd 2:0:0:0: Attached scsi generic sg0 type 0
[   22.772116] sd 2:0:0:0: [sda] Write Protect is off
[   22.775795] sd 2:0:1:0: Attached scsi generic sg1 type 0
[   22.811019] sd 2:0:1:0: [sdb] 20480 512-byte logical blocks: (10.5 MB/10.0 MiB)
[   22.811182] sd 2:0:0:0: [sda] Incomplete mode parameter data
[   22.811183] sd 2:0:0:0: [sda] Assuming drive cache: write through
[   22.828396] sd 2:0:1:0: [sdb] Write Protect is off
[   22.847807] sd 2:0:1:0: [sdb] Incomplete mode parameter data
[   22.850854] sd 2:0:1:0: [sdb] Assuming drive cache: write through
[   22.868425]  sda: sda1
[   22.913116] sd 2:0:0:0: [sda] Attached SCSI disk
[   23.030804] sd 2:0:1:0: [sdb] Attached SCSI disk
Begin: Loading essential drivers ... [   24.624718] md: linear personality registered for level -1
[   24.758501] md: multipath personality registered for level -4
[   24.894857] md: raid0 personality registered for level 0
[   24.994001] md: raid1 personality registered for level 1
[   25.093560] raid6: sse2x1   gen()  8749 MB/s
[   25.161229] raid6: sse2x1   xor()  7881 MB/s
[   25.237306] raid6: sse2x2   gen() 14228 MB/s
[   25.385269] raid6: sse2x2   xor()  9808 MB/s
[   25.481257] raid6: sse2x4   gen() 15333 MB/s
[   25.549242] raid6: sse2x4   xor() 10680 MB/s
[   25.625305] raid6: avx2x1   gen() 21926 MB/s
[   25.693631] raid6: avx2x2   gen() 25650 MB/s
[   25.761235] raid6: avx2x4   gen() 27938 MB/s
[   25.762440] raid6: using algorithm avx2x4 gen() 27938 MB/s
[   25.763666] raid6: using avx2x2 recovery algorithm
[   25.766194] xor: automatically using best checksumming function:
[   25.817324]    avx       : 26924.000 MB/sec
[   25.939032] async_tx: api initialized (async)
[   26.002679] md: raid6 personality registered for level 6
[   26.019680] md: raid5 personality registered for level 5
[   26.032319] md: raid4 personality registered for level 4
[   26.083187] md: raid10 personality registered for level 10
done.
Begin: Running /scripts/init-premount ... done.
Begin: Mounting root file system ... Begin: Running /scripts/local-top ... done.
Begin: Running /scripts/local-premount ... [   26.125087] Btrfs loaded
Scanning for Btrfs filesystems
done.
Warning: fsck not present, so skipping root file system
[   26.212347] EXT4-fs (sda1): mounted filesystem with ordered data mode. Opts: (null)
done.
Begin: Running /scripts/local-bottom ... done.
Begin: Running /scripts/init-bottom ... done.
[   26.801637] random: nonblocking pool is initialized
[   26.846909] systemd[1]: systemd 229 running in system mode. (+PAM +AUDIT +SELINUX +IMA +APPARMOR +SMACK +SYSVINIT +UTMP +LIBCRYPTSETUP +GCRYPT +GNUTLS +ACL +XZ -LZ4 +SECCOMP +BLKID +ELFUTILS +KMOD -IDN)
[   27.107419] systemd[1]: Detected virtualization oracle.
[   27.123036] systemd[1]: Detected architecture x86-64.

Welcome to [1mUbuntu 16.04.5 LTS[0m!

[   27.170673] systemd[1]: Set hostname to <ubuntu>.
[   27.220330] systemd[1]: Initializing machine ID from random generator.
[   27.241625] systemd[1]: Installed transient /etc/machine-id file.
[   28.281446] systemd[1]: Listening on Journal Socket (/dev/log).
[[0;32m  OK  [0m] Listening on Journal Socket (/dev/log).
[   28.362384] systemd[1]: Listening on udev Control Socket.
[[0;32m  OK  [0m] Listening on udev Control Socket.
[   28.395945] systemd[1]: Reached target User and Group Name Lookups.
[[0;32m  OK  [0m] Reached target User and Group Name Lookups.
[   28.420517] systemd[1]: Listening on /dev/initctl Compatibility Named Pipe.
[[0;32m  OK  [0m] Listening on /dev/initctl Compatibility Named Pipe.
[   28.530012] systemd[1]: Set up automount Arbitrary Executable File Formats File System Automount Point.
[[0;32m  OK  [0m] Set up automount Arbitrary Executab...ats File System Automount Point.
[   28.556327] systemd[1]: Listening on Journal Audit Socket.
[[0;32m  OK  [0m] Listening on Journal Audit Socket.
[   28.567990] systemd[1]: Started Trigger resolvconf update for networkd DNS.
[[0;32m  OK  [0m] Started Trigger resolvconf update for networkd DNS.
[   28.581412] systemd[1]: Listening on Syslog Socket.
[[0;32m  OK  [0m] Listening on Syslog Socket.
[   28.616690] systemd[1]: Reached target System Time Synchronized.
[[0;32m  OK  [0m] Reached target System Time Synchronized.
[   28.674558] systemd[1]: Reached target Encrypted Volumes.
[[0;32m  OK  [0m] Reached target Encrypted Volumes.
[   28.678599] systemd[1]: Created slice User and Session Slice.
[[0;32m  OK  [0m] Created slice User and Session Slice.
[   28.685126] systemd[1]: Listening on LVM2 poll daemon socket.
[[0;32m  OK  [0m] Listening on LVM2 poll daemon socket.
[   28.710279] systemd[1]: Listening on Journal Socket.
[[0;32m  OK  [0m] Listening on Journal Socket.
[   28.724431] systemd[1]: Listening on LVM2 metadata daemon socket.
[[0;32m  OK  [0m] Listening on LVM2 metadata daemon socket.
[   28.727699] systemd[1]: Listening on Device-mapper event daemon FIFOs.
[[0;32m  OK  [0m] Listening on Device-mapper event daemon FIFOs.
[   28.744607] systemd[1]: Listening on udev Kernel Socket.
[[0;32m  OK  [0m] Listening on udev Kernel Socket.
[   28.758011] systemd[1]: Started Forward Password Requests to Wall Directory Watch.
[[0;32m  OK  [0m] Started Forward Password Requests to Wall Directory Watch.
[   28.786208] systemd[1]: Reached target Swap.
[[0;32m  OK  [0m] Reached target Swap.
[   28.789767] systemd[1]: Created slice System Slice.
[[0;32m  OK  [0m] Created slice System Slice.
[   28.861543] systemd[1]: Starting Set console keymap...
         Starting Set console keymap...
[   28.905647] systemd[1]: Starting Nameserver information manager...
         Starting Nameserver information manager...
[   29.065957] systemd[1]: Reached target Slices.
[[0;32m  OK  [0m] Reached target Slices.
[   29.113530] systemd[1]: Starting Load Kernel Modules...
         Starting Load Kernel Modules...
[   29.161647] systemd[1]: Mounting Huge Pages File System...
         Mounting Huge Pages File System...
[   29.241378] systemd[1]: Mounting Debug File System...
         Mounting Debug File System...
[   29.244808] systemd[1]: Starting Uncomplicated firewall...
         Starting Uncomplicated firewall...
[   29.252746] systemd[1]: Created slice system-serial\x2dgetty.slice.
[[0;32m  OK  [0m] Created slice system-serial\x2dgetty.slice.
[   29.278004] systemd[1]: Starting Remount Root and Kernel File Systems...
[   29.297707] Loading iSCSI tanor class v2.0-870.

         Starting Remount Root and Kernel File S[   29.421991] EXT4-fs (sda1): re-mounted. Opts: (null)
ystems...
[   29.446881] systemd[1]: Mounting POSIX Message Queue File System...
         Mounting POSIX Message Queue Fil[   29.453089] iscsi: registered transport (tcp)
e System...
[   29.483369] systemd[1]: Starting Create list of required static device nodes for the current kernel...
         Starting Create list of required st... nodes for the current kernel...
[   29.497812] systemd[1]: Starting Journal Service...
         Starting Journal Service...
[   29.501196] systemd[1]: Starting Monitoring of LVM2 mirrors, snapshots etc. using dmeventd or progress polling...
         Starting Monitoring of LVM2 mirrors... dmeventd or progress polling...
[   29.515277] systemd[1]: Mounted Huge Pages File System.
[[0;32m  OK  [0m] Mounted Huge Pages File System.
[ 295584 stemd[1]: Mounted Debug File System.
[[0;32m  OK  [0m] Mounted Debug File System.
[   29.893455] systemd[1]: Mounted POSIX Message Queue File System.
[[0;32m  OK  [0m] Mounted POSIX Message Queue File System.
[   30.086005] systemd[1]: Started Set console keymap.
[[0;32m  OK  [0m] Started Set console keymap.
[   30.218012] systemd[1]: Started Uncomplicated firewall.
[[0;32m  OK  [0m] Started Uncomplicated firewall.
[   30.271089] systemd[1]: Started Remount Root and Kernel File Systems.
[[0;32m  OK  [[   30.337249] iscsi: registered transport (iser)
0m] Started Remount Root and Kernel File Systems.
[   30.490541] systemd[1]: Started Load Kernel Modules.
[[0;32m  OK  [0m] Started Load Kernel Modules.
[   30.514346] systemd[1]: Started Create list of required static device nodes for the current kernel.
[[0;32m  OK  [0m] Started Create list of required sta...ce nodes for the current kernel.
[   30.574287] systemd[1]: Started Nameserver information manager.
[[0;32m  OK  [0m] Started Nameserver information manager.
[   30.591827] systemd[1]: Started Journal Service.
[[0;32m  OK  [0m] Started Journal Service.
[[0;32m  OK  [0m] Started LVM2 metadata daemon.
         Starting Create Static Device Nodes in /dev...
         Mounting FUSE Control File System...
         Starting Apply Kernel Variables...
         Starting Flush Journal to Persistent Storage...
         Starting Load/Save Random Seed...
         Starting udev Coldplug all Devices...
[[0;32m  OK  [0m] Mounted FUSE Control File System.
[[0;32m  OK  [0m] Started Load/Save Random Seed.
[[0;32m  OK  [0m] Started Apply Kernel Variables.
[[0;32m  OK  [0m] Started Flush Journal to Persistent Storage.
[[0;32m  OK  [0m] Started udev Coldplug all Devices.
[[0;32m  OK  [0m] Started Monitoring of LVM2 mirrors,...ng dmeventd or progress polling.
[[0;32m  OK  [0m] Started Create Static Device Nodes in /dev.
         Starting udev Kernel Device Manager...
[[0;32m  OK  [0m] Reached target Local File Systems (Pre).
[[0;32m  OK  [0m] Reached target Local File Systems.
         Starting Tell Plymouth To Write Out Runtime Data...
         Starting Initial cloud-init job (pre-networking)...
         Starting LSB: AppArmor initialization...
         Starting Set console font and keymap...
         Starting Create Volatile Files and Directories...
         Starting Commit a transient machine-id on disk...
[[0;32m  OK  [0m] Started Tell Plymouth To Write Out Runtime Data.
[[0;32m  OK  [0m] Started Commit a transient machine-id on disk.
[[0;32m  OK  [0m] Started Create Volatile Files and Directories.
         Starting Update UTMP about System Boot/Shutdown...
[[0;32m  OK  [0m] Started Update UTMP about System Boot/Shutdown.
[[0;32m  OK  [0m] Started udev Kernel Device Manager.
[[0;32m  OK  [0m] Started Dispatch Password Requests to Console Directory Watch.
[[0;32m  OK  [0m] Found device /dev/ttyS0.
[[0;32m  OK  [0m] Listening on Load/Save RF Kill Switch Status /dev/rfkill Watch.
[[0;32m  OK  [0m] Started LSB: AppArmor initialization.
[[0;32m  OK  [0m] Started Set console font and keymap.
[[0;32m  OK  [0m] Created slice system-getty.slice.
[   23.845870] cloud-init[465]: Cloud-init v. 18.4-0ubuntu1~16.04.2 running 'init-local' at Thu, 11 Apr 2019 17:06:41 +0000. Up 23.18 seconds.
[[0;32m  OK  [0m] Started Initial cloud-init job (pre-networking).
[[0;32m  OK  [0m] Reached target Network (Pre).
         Starting Raise network interfaces...
[[0;32m  OK  [0m] Started Raise network interfaces.
         Starting Initial cloud-init job (metadata service crawler)...
[[0;32m  OK  [0m] Reached target Network.
[   26.666559] cloud-init[947]: Cloud-init v. 18.4-0ubuntu1~16.04.2 running 'init' at Thu, 11 Apr 2019 17:06:43 +0000. Up 24.88 seconds.
[   26.736950] [cloud-init[0;32m  OK  [0m[947]: ] ci-info: ++++++++++++++++++++++++++++++++++++++Net device info+++++++++++++++++++++++++++++++++++++++Started Initial cloud-init job (metadata service crawler).

[   26.737574] cloud-init[947]: ci-info: +--------+-------+----------------------------+---------------+--------+-------------------+
[[0;32m  OK  [0m] Reached target Network is Online.
[   26.822716] cloud-init[947]: ci-info: | Device |   Up  |          Address           |      Mask     | Scope  |     Hw-Address    |
         Starting iSCSI initiator daemon (iscsid)...
[[0;32m  OK  [0m] Reached target Cloud-config availability.
[   26.875485] [[0;32m  OK  [0m] Reached target System Initialization.
cloud-init[947]: ci-info: +--------+-------+----------------------------+---------------+--------+-------------------+
[   26.950141] [cloud-init[0;32m  OK  [0m[947]: ] ci-info: | enp0s3 |  True |         10.0.2.15          | 255.255.255.0 | global | 02:a9:46:80:4d:77 |Listening on UUID daemon activation socket.

[   26.952253] [cloud-init[0;32m  OK  [0m[947]: ] ci-info: | enp0s3 |  True | fe80::a9:46ff:fe80:4d77/64 |       .       |  link  | 02:a9:46:80:4d:77 |Listening on D-Bus System Message Bus Socket.

[   27.003646] cloud-init[947]: ci-info: | enp0s8 | False |             .              |       .       |   .    | 08:00:27:ec:37:4b |
[   27.070572] cloud-init[[0;32m  OK  [0m] Started ACPI Events Check.
[947]: ci-info: |   lo   |  True |         127.0.0.1          |   255.0.0.0   |  host  |         .         |
[   27.118150] [cloud-init[0;32m  OK  [0m[947]: ] ci-info: |   lo   |  True |          ::1/128           |       .       |  host  |         .         |Reached target Paths.

[   27.120294] [cloud-init[0;32m  OK  [0m[947]: ] ci-info: +--------+-------+----------------------------+---------------+--------+-------------------+Listening on ACPID Listen Socket.

[   27.147846] [cloud-init[0;32m  OK  [0m[947]: ] ci-info: +++++++++++++++++++++++++++Route IPv4 info++++++++++++++++++++++++++++Started Daily Cleanup of Temporary Directories.

[   27.195076] cloud-init[947]: ci-info: +-------+-------------+----------+---------------+-----------+-------+
         Starting LXD - unix socket.
[[0;32m  OK  [0m] Started Daily apt download activities.
[   27.267862] [[0;32m  OK  [0m] Started Daily apt upgrade and clean activities.
cloud-init[947]: ci-info: | Route | Destination | Gateway  |    Genmask    | Interface | Flags |
[   27.413836] [cloud-init[0;32m  OK  [0m[947]: ] ci-info: +-------+-------------+----------+---------------+-----------+-------+Reached target Timers.

[   27.415932]          Starting Socket activation for snappy daemon.
cloud-init[947]: ci-info: |   0   |   0.0.0.0   | 10.0.2.2 |    0.0.0.0    |   enp0s3  |   UG  |
[   27.484805] [[0;32m  OK  [0m] Listening on LXD - unix socket.
cloud-init[947]: ci-info: |   1   |   10.0.2.0  | 0.0.0.0  | 255.255.255.0 |   enp0s3  |   U   |
[   27.532034] [[0;32m  OK  [0m] Listening on Socket activation for snappy daemon.
cloud-init[[0;32m  OK  [0m] Started iSCSI initiator daemon (iscsid).
[947]: ci-info: +-------+-------------+----------+---------------+-----------+-------+
[   27.594927]          cloud-initStarting Login to default iSCSI targets...[947]: 
ci-info: +++++++++++++++++++Route IPv6 info+++++++++++++++++++
[   27.629247] [[0;32m  OK  [0m] Reached target Sockets.
cloud-init[[0;32m  OK  [0m] Reached target Basic System.
[947]: ci-info: +-------+-------------+---------+-----------+-------+
[   27.633257] cloud-init[947]: ci-info: | Route | Destination | Gateway | Interface | Flags |
[   27.648029]          Starting Login Service...
cloud-init[[0;32m  OK  [0m] Started Unattended Upgrades Shutdown.
[947]:          Starting LSB: Record successful boot for GRUB...
ci-info: +-------+-------------+---------+-----------+-------+
[   27.651426] cloud-init[947]: ci-info: |   0   |  fe80::/64  |    ::   |   enp0s3  |   U   |
[   27.651836] cloud-init[947]: ci-info: |   3   |   ff00::/8  |    ::   |   enp0s3  |   U   |
[   27.651948] cloud-init[947]: ci-info: +-------+-------------+---------+-----------+-------+
[   27.652350] cloud-init[947]: Generating public/private rsa key pair.
[   27.652548] cloud-init[947]: Your identification has been saved in /etc/ssh/ssh_host_rsa_key.
[   27.652707] cloud-init[947]: Your public key has been saved in /etc/ssh/ssh_host_rsa_key.pub.
[   27.652915] cloud-init[947]: The key fingerprint is:
[   27.653066] cloud-init[947]: SHA256:STAdF/ixamU9qGqDbcqJl7zhmbCyhNd3BuyTztgSxYc root@ubuntu-xenial
[   27.653237] cloud-init[947]: The key's randomart image is:
[   27.653430] cloud-init[947]: +---[RSA 2048]----+
[   27.653592] cloud-init[947]: |      o..oo.     |
[   27.653798] cloud-init[947]: |       oo..      |
[   27.653959] cloud-init[947]: |     . ... =     |
[   27.654131] cloud-init[947]: |     .E...* o    |
[   27.654308] cloud-init[947]: |     .o.S=   .   |
[   27.654480] cloud-init[947]: |.  ... o+        |
[   27.654653] cloud-init[947]: |..o.o==oo        |
[   27.654847] cloud-init[947]: |o. **@*+         |
[   27.655001] cloud-init[947]: |.oo.X*+.         |
[   27.655194] cloud-init[947]: +----[SHA256]-----+
[   27.655361] cloud-init[947]: Generating public/private dsa key pair.
[   27.655554] cloud-init[947]: Your identification has been saved in /etc/ssh/ssh_host_dsa_key.
[   27.655731] cloud-init[947]: Your public key has been saved in /etc/ssh/ssh_host_dsa_key.pub.
[   27.655888] cloud-init[947]: The key fingerprint is:
[[0;32m  OK  [0m] Started D-Bus System Message Bus.
[   27.656234] cloud-init[947]: SHA256:etkHZWgzXC1eRAbyN4erOPbku8TGaRi+K1UEGlhLWh0 root@ubuntu-xenial
[   27.973557] cloud-init[947]: The key's randomart image is:
         Starting Pollinate to seed the pseudo random number generator...
[   27.993084] cloud-init[947]: +---[DSA 1024]----+
[   28.044770] cloud-init[947]: |       o=.Eoo=+  |
[   28.068376] cloud-init[947]: |      .+ =.=o.o. |
[   28.068609] cloud-init[947]: |      . o *o+o+ .|
[   28.069415] cloud-init[947]: |         . =o. + |
[   28.069547] cloud-init[947]: |        S o.  .  |
[   28.069686] cloud-init[947]: |       . +.B o   |
[   28.069816] cloud-init[947]: |      . o.B @    |
[[0;32m  OK  [0m] Started ACPI event daemon.
[   28.070623] cloud-init[947]: |       ... @     |
         Starting LSB: MD monitoring daemon...
[   28.177832] cloud-init[947]: |         .o.=o   |
[   28.220390]          cloud-initStarting LXD - container startup/shutdown...[947]: 
+----[SHA256]-----+
[   28.256738] [cloud-init[0;32m  OK  [0m[947]: ] Generating public/private ecdsa key pair.Started Deferred execution scheduler.

[   28.257644] cloud-init[947]: Your identification has been saved in /etc/ssh/ssh_host_ecdsa_key.
[   28.329694] [cloud-init[0;32m  OK  [0m[947]: ] Your public key has been saved in /etc/ssh/ssh_host_ecdsa_key.pub.Started FUSE filesystem for LXC.

[   28.331769] cloud-init[947]: The key fingerprint is:
[   28.381602]          cloud-initStarting System Logging Service...[947]: 
SHA256:Czu6mf8Ml5OfMRhOOpQ3N00qIimhpNZk4YfrNmWPMqY root@ubuntu-xenial
[   28.412938] cloud-init[947]: The key's randomart image is:
         Starting Accounts Service...
[   28.431777] cloud-init[947]: +---[ECDSA 256]---+
[   28.469059]          cloud-initStarting Virtualbox guest utils...[947]: 
|   .             |
[   28.512504] cloud-init[947]: |  . o            |
[   28.536490] cloud-init[947]: | ..= .      .    |
[   28.557483] cloud-init[947]: |o.+.o. .   +     |
[   28.573596] cloud-init[947]: |o..ooo= S + .    |
[   28.592745] [cloud-init[0;32m  OK  [0m[947]: ] |. ..oooO X .     |Started Regular background program processing daemon.

[   28.594813] cloud-init[947]: |   B .*.O o      |
[   28.629549] cloud-init[947]: |  + ++ * o +     |
[   28.644838] cloud-init[947]: | E  =o..o o      |
[   28.664898]          cloud-initStarting Snappy daemon...[947]: 
+----[SHA256]-----+
[   28.686090]          Starting /etc/rc.local Compatibility...
cloud-init[947]: Generating public/private ed25519 key pair.
[   28.704605] cloud-init[947]: Your identification has been saved in /etc/ssh/ssh_host_ed25519_key.
[   28.730097] [[0;32m  OK  [0m] Started /etc/rc.local Compatibility.
cloud-init[947]: Your public key has been saved in /etc/ssh/ssh_host_ed25519_key.pub.
[   28.768435] cloud-init[947]: The key fingerprint is:
[   28.774001] cloud-init[947]: SHA256:MYEEFp9gM00KQbGCDtv3G9CRJfoeBggjm6NRN3HY7Ps root@ubuntu-xenial
[   28.787641] cloud-init[947]: The key's randomart image is:
[   28.808807] cloud-init[947]: +--[ED25519 256]--+
[   28.865128] [[0;32m  OK  [0m] Started Login Service.
cloud-init[947]: |+.*o%@=.o        |
[   28.892770] cloud-init[947]: |o* B.X== .       |
[[   28.908584] cloud-init[947]: |O o +.= o        |
[0;32m  OK  [0m[   28.909147] cloud-init[947]: |+*   +.. o       |
] Started System Logging Service.
[   28.909650] cloud-init[947]: |o.. o =.S        |
[   28.978432] cloud-init[947]: |   . =..         |
[   28.993723] cloud-init[947]: |      +.         |
[   29.013198] cloud-init[947]: |       oE        |
[[0;32m  OK  [0m[   29.044288] cloud-init[947]: |      .          |
[   29.048349] cloud-init[947]: +----[SHA256]-----+
] Started LSB: Record successful boot for GRUB.
[[0;32m  OK  [0m] Started Login to default iSCSI targets.
[[0;32m  OK  [0m] Reached target Remote File Systems (Pre).
[[0;32m  OK  [0m] Reached target Remote File Systems.
         Starting LSB: automatic crash report generation...
         Starting LSB: daemon to balance interrupts for SMP systems...
         Starting Permit User Sessions...
         Starting LSB: Set the CPU Frequency Scaling governor to "ondemand"...
[[0;32m  OK  [0m] Started LSB: MD monitoring daemon.
[[0;32m  OK  [0m] Started Permit User Sessions.
         Starting Terminate Plymouth Boot Screen...
         Starting Hold until boot process finishes up...
[[0;32m  OK  [0m] Started LSB: automatic crash report generation.
[[0;32m  OK  [0m] Started LSB: Set the CPU Frequency Scaling governor to "ondemand".
[[0;32m  OK  [0m] Started LSB: daemon to balance interrupts for SMP systems.
[[0;32m  OK  [0m] Started Terminate Plymouth Boot Screen.
[[0;32m  OK  [0m] Started Hold until boot process finishes up.
[[0;32m  OK  [0m] Started Getty on tty1.
[[0;32m  OK  [0m] Started Serial Getty on ttyS0.
[[0;32m  OK  [0m] Reached target Login Prompts.
         Starting Set console scheme...
[[0;32m  OK  [0m] Started Set console scheme.
         Starting Authenticate and Authorize Users to Run Privileged Tasks...
[[0;32m  OK  [0m] Started Virtualbox guest utils.
[[0;32m  OK  [0m] Started Authenticate and Authorize Users to Run Privileged Tasks.
[[0;32m  OK  [0m] Started Accounts Service.
[[0;32m  OK  [0m] Started Pollinate to seed the pseudo random number generator.
         Starting OpenBSD Secure Shell server...
[[0;32m  OK  [0m] Started OpenBSD Secure Shell server.
[[0;32m  OK  [0m] Started LXD - container startup/shutdown.
[[0;32m  OK  [0m] Started Snappy daemon.
         Starting Wait until snapd is fully seeded...
[[0;32m  OK  [0m] Created slice User Slice of vagrant.
         Starting User Manager for UID 1000...
[[0;32m  OK  [0m] Started Session 1 of user vagrant.
[[0;32m  OK  [0m] Started User Manager for UID 1000.
[[0;32m  OK  [0m] Started Wait until snapd is fully seeded.
         Starting Apply the settings specified in cloud-config...
[[0;32m  OK  [0m] Reached target Multi-User System.
[[0;32m  OK  [0m] Reached target Graphical Interface.
         Starting Update UTMP about System Runlevel Changes...
[[0;32m  OK  [0m] Started Update UTMP about System Runlevel Changes.
[   35.490607] cloud-init[1382]: Generating locales (this might take a while)...

Ubuntu 16.04.5 LTS ubuntu-xenial ttyS0

ubuntu-xenial login: [   36.993063] cloud-init[1382]:   en_US.UTF-8... done
[   36.995534] cloud-init[1382]: Generation complete.
[   37.758390] cloud-init[1382]: Cloud-init v. 18.4-0ubuntu1~16.04.2 running 'modules:config' at Thu, 11 Apr 2019 17:06:53 +0000. Up 35.17 seconds.
ci-info: no authorized ssh keys fingerprints found for user ubuntu.
<14>Apr 11 17:06:56 ec2: 
<14>Apr 11 17:06:56 ec2: #############################################################
<14>Apr 11 17:06:56 ec2: -----BEGIN SSH HOST KEY FINGERPRINTS-----
<14>Apr 11 17:06:56 ec2: 1024 SHA256:etkHZWgzXC1eRAbyN4erOPbku8TGaRi+K1UEGlhLWh0 root@ubuntu-xenial (DSA)
<14>Apr 11 17:06:56 ec2: 256 SHA256:Czu6mf8Ml5OfMRhOOpQ3N00qIimhpNZk4YfrNmWPMqY root@ubuntu-xenial (ECDSA)
<14>Apr 11 17:06:56 ec2: 256 SHA256:MYEEFp9gM00KQbGCDtv3G9CRJfoeBggjm6NRN3HY7Ps root@ubuntu-xenial (ED25519)
<14>Apr 11 17:06:56 ec2: 2048 SHA256:STAdF/ixamU9qGqDbcqJl7zhmbCyhNd3BuyTztgSxYc root@ubuntu-xenial (RSA)
<14>Apr 11 17:06:56 ec2: -----END SSH HOST KEY FINGERPRINTS-----
<14>Apr 11 17:06:56 ec2: #############################################################
-----BEGIN SSH HOST KEY KEYS-----
ecdsa-sha2-nistp256 AAAAE2VjZHNhLXNoYTItbmlzdHAyNTYAAAAIbmlzdHAyNTYAAABBBOfxFmYfAcbPa4xu9c3Rh3tBJIlE2aqq7ROdlSr/cgialXdy6SuHuDr1WPcS5MNKeYK/49VZEdFBI+7wfg4PvtA= root@ubuntu-xenial
ssh-ed25519 AAAAC3NzaC1lZDI1NTE5AAAAIONQ+pdjOPJAu6MYI8XyXNONohxLEv6I1A1P/VXr+1ls root@ubuntu-xenial
ssh-rsa AAAAB3NzaC1yc2EAAAADAQABAAABAQDa67wWQmXrjzIosekABVTruQ1R5Tod6PDlhq1bffS+Ulr6tAA3h6S1h60YN4woRFNJcgTAp1nant1KhWJ/BF8J+SMxxNN2Vu/lL78andFNLCDOftx6IVKEo5sOZNEBVM5wirxDXwbLLyVd76zC5DPvNXmedRhf9YdOO3wpdfBvbvfpfwSABBkRp5KLVNzMvyT119hpLOt3/vrUZSh9GzW6dqNAoG/B6QVmZ3dpFYBndFRh1AWFeUzCRieF9LS9IJSVTNwz9NzjTX9JO/58CbC/mNEbFQei9hRFxE1m7AMCtp6wt4cvPUlssfe7Bd9wluSjMStBm47HlU0xbOWXBrkF root@ubuntu-xenial
-----END SSH HOST KEY KEYS-----
[   38.430805] cloud-init[1584]: Cloud-init v. 18.4-0ubuntu1~16.04.2 running 'modules:final' at Thu, 11 Apr 2019 17:06:56 +0000. Up 38.21 seconds.
[   38.431033] cloud-init[1584]: ci-info: no authorized ssh keys fingerprints found for user ubuntu.
[   38.431147] cloud-init[1584]: Cloud-init v. 18.4-0ubuntu1~16.04.2 finished at Thu, 11 Apr 2019 17:06:56 +0000. Datasource DataSourceNoCloud [seed=/dev/sdb][dsmode=net].  Up 38.42 seconds
